#
# There is insufficient memory for the Java Runtime Environment to continue.
# Native memory allocation (malloc) failed to allocate 3904592 bytes. Error detail: Chunk::new
# Possible reasons:
#   The system is out of physical RAM or swap space
#   This process is running with CompressedOops enabled, and the Java Heap may be blocking the growth of the native heap
# Possible solutions:
#   Reduce memory load on the system
#   Increase physical memory or swap space
#   Check if swap backing store is full
#   Decrease Java heap size (-Xmx/-Xms)
#   Decrease number of Java threads
#   Decrease Java thread stack sizes (-Xss)
#   Set larger code cache with -XX:ReservedCodeCacheSize=
#   JVM is running with Zero Based Compressed Oops mode in which the Java heap is
#     placed in the first 32GB address space. The Java Heap base address is the
#     maximum limit for the native heap growth. Please use -XX:HeapBaseMinAddress
#     to set the Java Heap base and to place the Java Heap above 32GB virtual address.
# This output file may be truncated or incomplete.
#
#  Out of Memory Error (arena.cpp:162), pid=2760, tid=18116
#
# JRE version: OpenJDK Runtime Environment (24.0.1+9) (build 24.0.1+9-30)
# Java VM: OpenJDK 64-Bit Server VM (24.0.1+9-30, mixed mode, sharing, tiered, compressed oops, compressed class ptrs, g1 gc, windows-amd64)
# No core dump will be written. Minidumps are not enabled by default on client versions of Windows
#

---------------  S U M M A R Y ------------

Command Line: -javaagent:C:\Program Files\JetBrains\IntelliJ IDEA 2025.1.2\lib\idea_rt.jar=65300 -Dfile.encoding=UTF-8 -Dsun.stdout.encoding=UTF-8 -Dsun.stderr.encoding=UTF-8 com.harrisonmoses.store.StoreApplication

Host: 11th Gen Intel(R) Core(TM) i7-1165G7 @ 2.80GHz, 8 cores, 15G,  Windows 11 , 64 bit Build 26100 (10.0.26100.4484)
Time: Tue Aug 12 22:51:16 2025 E. Africa Standard Time elapsed time: 0.864034 seconds (0d 0h 0m 0s)

---------------  T H R E A D  ---------------

Current thread (0x00000135d36fb410):  JavaThread "C2 CompilerThread0" daemon [_thread_in_native, id=18116, stack(0x0000001c83500000,0x0000001c83600000) (1024K)]


Current CompileTask:
C2:864 1023       4       java.io.WinNTFileSystem::normalize (148 bytes)

Stack: [0x0000001c83500000,0x0000001c83600000]
Native frames: (J=compiled Java code, j=interpreted, Vv=VM code, C=native code)
V  [jvm.dll+0x730739]  (no source info available)
V  [jvm.dll+0x8d9b23]  (no source info available)
V  [jvm.dll+0x8dc00d]  (no source info available)
V  [jvm.dll+0x8dc683]  (no source info available)
V  [jvm.dll+0x2aa086]  (no source info available)
V  [jvm.dll+0xcedef]  (no source info available)
V  [jvm.dll+0xcf04f]  (no source info available)
V  [jvm.dll+0x154d83]  (no source info available)
V  [jvm.dll+0x735f5f]  (no source info available)
V  [jvm.dll+0x26fa1c]  (no source info available)
V  [jvm.dll+0x26ea3f]  (no source info available)
V  [jvm.dll+0x1e9d60]  (no source info available)
V  [jvm.dll+0x27e1fb]  (no source info available)
V  [jvm.dll+0x27c49a]  (no source info available)
V  [jvm.dll+0x42f456]  (no source info available)
V  [jvm.dll+0x87d76b]  (no source info available)
V  [jvm.dll+0x72ee55]  (no source info available)
C  [ucrtbase.dll+0x37b0]  (no source info available)
C  [KERNEL32.DLL+0x2e8d7]  (no source info available)
C  [ntdll.dll+0x3c34c]  (no source info available)

Lock stack of current Java thread (top to bottom):


---------------  P R O C E S S  ---------------

Threads class SMR info:
_java_thread_list=0x0000013619c78f60, length=14, elements={
0x00000135b1cb11c0, 0x00000135d36f1090, 0x00000135d36f39e0, 0x00000135d36f6aa0,
0x00000135d36f76c0, 0x00000135d36f8410, 0x00000135d36fa170, 0x00000135d36fb410,
0x00000135d36fd8f0, 0x00000135d3919c90, 0x00000135d3914850, 0x00000136192e36c0,
0x00000136192e3e00, 0x0000013619c718e0
}

Java Threads: ( => current thread )
  0x00000135b1cb11c0 JavaThread "main"                              [_thread_in_Java, id=16368, stack(0x0000001c82700000,0x0000001c82800000) (1024K)]
  0x00000135d36f1090 JavaThread "Reference Handler"          daemon [_thread_blocked, id=344, stack(0x0000001c82f00000,0x0000001c83000000) (1024K)]
  0x00000135d36f39e0 JavaThread "Finalizer"                  daemon [_thread_blocked, id=14264, stack(0x0000001c83000000,0x0000001c83100000) (1024K)]
  0x00000135d36f6aa0 JavaThread "Signal Dispatcher"          daemon [_thread_blocked, id=2792, stack(0x0000001c83100000,0x0000001c83200000) (1024K)]
  0x00000135d36f76c0 JavaThread "Attach Listener"            daemon [_thread_in_vm, id=1288, stack(0x0000001c83200000,0x0000001c83300000) (1024K)]
  0x00000135d36f8410 JavaThread "Service Thread"             daemon [_thread_blocked, id=15068, stack(0x0000001c83300000,0x0000001c83400000) (1024K)]
  0x00000135d36fa170 JavaThread "Monitor Deflation Thread"   daemon [_thread_blocked, id=18364, stack(0x0000001c83400000,0x0000001c83500000) (1024K)]
=>0x00000135d36fb410 JavaThread "C2 CompilerThread0"         daemon [_thread_in_native, id=18116, stack(0x0000001c83500000,0x0000001c83600000) (1024K)]
  0x00000135d36fd8f0 JavaThread "C1 CompilerThread0"         daemon [_thread_in_native, id=21276, stack(0x0000001c83600000,0x0000001c83700000) (1024K)]
  0x00000135d3919c90 JavaThread "Common-Cleaner"             daemon [_thread_blocked, id=17136, stack(0x0000001c83700000,0x0000001c83800000) (1024K)]
  0x00000135d3914850 JavaThread "C2 CompilerThread1"         daemon [_thread_in_native, id=5976, stack(0x0000001c83800000,0x0000001c83900000) (1024K)]
  0x00000136192e36c0 JavaThread "Monitor Ctrl-Break"         daemon [_thread_in_native, id=3764, stack(0x0000001c83a00000,0x0000001c83b00000) (1024K)]
  0x00000136192e3e00 JavaThread "Notification Thread"        daemon [_thread_blocked, id=15840, stack(0x0000001c83b00000,0x0000001c83c00000) (1024K)]
  0x0000013619c718e0 JavaThread "C2 CompilerThread2"         daemon [_thread_in_native, id=2892, stack(0x0000001c83900000,0x0000001c83a00000) (1024K)]
Total: 14

Other Threads:
  0x00000135d32a0bf0 VMThread "VM Thread"                           [id=16720, stack(0x0000001c82e00000,0x0000001c82f00000) (1024K)]
  0x00000135d3292770 WatcherThread "VM Periodic Task Thread"        [id=1264, stack(0x0000001c82d00000,0x0000001c82e00000) (1024K)]
  0x00000135b40d1480 WorkerThread "GC Thread#0"                     [id=340, stack(0x0000001c82800000,0x0000001c82900000) (1024K)]
  0x00000135b40e5ea0 ConcurrentGCThread "G1 Main Marker"            [id=19468, stack(0x0000001c82900000,0x0000001c82a00000) (1024K)]
  0x00000135b40e69b0 WorkerThread "G1 Conc#0"                       [id=19708, stack(0x0000001c82a00000,0x0000001c82b00000) (1024K)]
  0x00000135b411e7b0 ConcurrentGCThread "G1 Refine#0"               [id=17884, stack(0x0000001c82b00000,0x0000001c82c00000) (1024K)]
  0x00000135d3145480 ConcurrentGCThread "G1 Service"                [id=9288, stack(0x0000001c82c00000,0x0000001c82d00000) (1024K)]
Total: 7

Threads with active compile tasks:
C2 CompilerThread0  927 1023       4       java.io.WinNTFileSystem::normalize (148 bytes)
C1 CompilerThread0  927 1331       3       java.lang.CharacterDataLatin1::toUpperCaseEx (71 bytes)
C2 CompilerThread1  927 1324       4       java.lang.String::<init> (98 bytes)
C2 CompilerThread2  927 1329       4       java.lang.CharacterDataLatin1::getProperties (11 bytes)
Total: 4

VM state: not at safepoint (normal execution)

VM Mutex/Monitor currently owned by a thread: None

Heap address: 0x0000000704e00000, size: 4018 MB, Compressed Oops mode: Zero based, Oop shift amount: 3

CDS archive(s) mapped at: [0x00000135d4000000-0x00000135d4d40000-0x00000135d4d40000), size 13893632, SharedBaseAddress: 0x00000135d4000000, ArchiveRelocationMode: 1.
Compressed class space mapped at: 0x00000135d5000000-0x0000013615000000, reserved size: 1073741824
UseCompressedClassPointers 1, UseCompactObjectHeaders 0
Narrow klass pointer bits 32, Max shift 3
Narrow klass base: 0x00000135d4000000, Narrow klass shift: 0
Encoding Range: [0x00000135d4000000 - 0x00000136d4000000), (4294967296 bytes)
Klass Range:    [0x00000135d4000000 - 0x0000013615000000), (1090519040 bytes)
Klass ID Range:  [8 - 1090519033) (1090519025)

GC Precious Log:
 CardTable entry size: 512
 Card Set container configuration: InlinePtr #cards 4 size 8 Array Of Cards #cards 16 size 48 Howl #buckets 8 coarsen threshold 3686 Howl Bitmap #cards 512 size 80 coarsen threshold 460 Card regions per heap region 1 cards per card region 4096
 CPUs: 8 total, 8 available
 Memory: 16064M
 Large Page Support: Disabled
 NUMA Support: Disabled
 Compressed Oops: Enabled (Zero based)
 Heap Region Size: 2M
 Heap Min Capacity: 8M
 Heap Initial Capacity: 252M
 Heap Max Capacity: 4018M
 Pre-touch: Disabled
 Parallel Workers: 8
 Concurrent Workers: 2
 Concurrent Refinement Workers: 8
 Periodic GC: Disabled

Heap:
 garbage-first heap   total reserved 4114432K, committed 260096K, used 25712K [0x0000000704e00000, 0x0000000800000000)
  region size 2048K, 14 young (28672K), 0 survivors (0K)
 Metaspace       used 7169K, committed 7360K, reserved 1114112K
  class space    used 625K, committed 704K, reserved 1048576K

Heap Regions: E=young(eden), S=young(survivor), O=old, HS=humongous(starts), HC=humongous(continues), CS=collection set, F=free, TAMS=top-at-mark-start, PB=parsable bottom
|   0|0x0000000704e00000, 0x0000000704e00000, 0x0000000705000000|  0%| F|  |TAMS 0x0000000704e00000| PB 0x0000000704e00000| Untracked |  0
|   1|0x0000000705000000, 0x0000000705000000, 0x0000000705200000|  0%| F|  |TAMS 0x0000000705000000| PB 0x0000000705000000| Untracked |  0
|   2|0x0000000705200000, 0x0000000705200000, 0x0000000705400000|  0%| F|  |TAMS 0x0000000705200000| PB 0x0000000705200000| Untracked |  0
|   3|0x0000000705400000, 0x0000000705400000, 0x0000000705600000|  0%| F|  |TAMS 0x0000000705400000| PB 0x0000000705400000| Untracked |  0
|   4|0x0000000705600000, 0x0000000705600000, 0x0000000705800000|  0%| F|  |TAMS 0x0000000705600000| PB 0x0000000705600000| Untracked |  0
|   5|0x0000000705800000, 0x0000000705800000, 0x0000000705a00000|  0%| F|  |TAMS 0x0000000705800000| PB 0x0000000705800000| Untracked |  0
|   6|0x0000000705a00000, 0x0000000705a00000, 0x0000000705c00000|  0%| F|  |TAMS 0x0000000705a00000| PB 0x0000000705a00000| Untracked |  0
|   7|0x0000000705c00000, 0x0000000705c00000, 0x0000000705e00000|  0%| F|  |TAMS 0x0000000705c00000| PB 0x0000000705c00000| Untracked |  0
|   8|0x0000000705e00000, 0x0000000705e00000, 0x0000000706000000|  0%| F|  |TAMS 0x0000000705e00000| PB 0x0000000705e00000| Untracked |  0
|   9|0x0000000706000000, 0x0000000706000000, 0x0000000706200000|  0%| F|  |TAMS 0x0000000706000000| PB 0x0000000706000000| Untracked |  0
|  10|0x0000000706200000, 0x0000000706200000, 0x0000000706400000|  0%| F|  |TAMS 0x0000000706200000| PB 0x0000000706200000| Untracked |  0
|  11|0x0000000706400000, 0x0000000706400000, 0x0000000706600000|  0%| F|  |TAMS 0x0000000706400000| PB 0x0000000706400000| Untracked |  0
|  12|0x0000000706600000, 0x0000000706600000, 0x0000000706800000|  0%| F|  |TAMS 0x0000000706600000| PB 0x0000000706600000| Untracked |  0
|  13|0x0000000706800000, 0x0000000706800000, 0x0000000706a00000|  0%| F|  |TAMS 0x0000000706800000| PB 0x0000000706800000| Untracked |  0
|  14|0x0000000706a00000, 0x0000000706a00000, 0x0000000706c00000|  0%| F|  |TAMS 0x0000000706a00000| PB 0x0000000706a00000| Untracked |  0
|  15|0x0000000706c00000, 0x0000000706c00000, 0x0000000706e00000|  0%| F|  |TAMS 0x0000000706c00000| PB 0x0000000706c00000| Untracked |  0
|  16|0x0000000706e00000, 0x0000000706e00000, 0x0000000707000000|  0%| F|  |TAMS 0x0000000706e00000| PB 0x0000000706e00000| Untracked |  0
|  17|0x0000000707000000, 0x0000000707000000, 0x0000000707200000|  0%| F|  |TAMS 0x0000000707000000| PB 0x0000000707000000| Untracked |  0
|  18|0x0000000707200000, 0x0000000707200000, 0x0000000707400000|  0%| F|  |TAMS 0x0000000707200000| PB 0x0000000707200000| Untracked |  0
|  19|0x0000000707400000, 0x0000000707400000, 0x0000000707600000|  0%| F|  |TAMS 0x0000000707400000| PB 0x0000000707400000| Untracked |  0
|  20|0x0000000707600000, 0x0000000707600000, 0x0000000707800000|  0%| F|  |TAMS 0x0000000707600000| PB 0x0000000707600000| Untracked |  0
|  21|0x0000000707800000, 0x0000000707800000, 0x0000000707a00000|  0%| F|  |TAMS 0x0000000707800000| PB 0x0000000707800000| Untracked |  0
|  22|0x0000000707a00000, 0x0000000707a00000, 0x0000000707c00000|  0%| F|  |TAMS 0x0000000707a00000| PB 0x0000000707a00000| Untracked |  0
|  23|0x0000000707c00000, 0x0000000707c00000, 0x0000000707e00000|  0%| F|  |TAMS 0x0000000707c00000| PB 0x0000000707c00000| Untracked |  0
|  24|0x0000000707e00000, 0x0000000707e00000, 0x0000000708000000|  0%| F|  |TAMS 0x0000000707e00000| PB 0x0000000707e00000| Untracked |  0
|  25|0x0000000708000000, 0x0000000708000000, 0x0000000708200000|  0%| F|  |TAMS 0x0000000708000000| PB 0x0000000708000000| Untracked |  0
|  26|0x0000000708200000, 0x0000000708200000, 0x0000000708400000|  0%| F|  |TAMS 0x0000000708200000| PB 0x0000000708200000| Untracked |  0
|  27|0x0000000708400000, 0x0000000708400000, 0x0000000708600000|  0%| F|  |TAMS 0x0000000708400000| PB 0x0000000708400000| Untracked |  0
|  28|0x0000000708600000, 0x0000000708600000, 0x0000000708800000|  0%| F|  |TAMS 0x0000000708600000| PB 0x0000000708600000| Untracked |  0
|  29|0x0000000708800000, 0x0000000708800000, 0x0000000708a00000|  0%| F|  |TAMS 0x0000000708800000| PB 0x0000000708800000| Untracked |  0
|  30|0x0000000708a00000, 0x0000000708a00000, 0x0000000708c00000|  0%| F|  |TAMS 0x0000000708a00000| PB 0x0000000708a00000| Untracked |  0
|  31|0x0000000708c00000, 0x0000000708c00000, 0x0000000708e00000|  0%| F|  |TAMS 0x0000000708c00000| PB 0x0000000708c00000| Untracked |  0
|  32|0x0000000708e00000, 0x0000000708e00000, 0x0000000709000000|  0%| F|  |TAMS 0x0000000708e00000| PB 0x0000000708e00000| Untracked |  0
|  33|0x0000000709000000, 0x0000000709000000, 0x0000000709200000|  0%| F|  |TAMS 0x0000000709000000| PB 0x0000000709000000| Untracked |  0
|  34|0x0000000709200000, 0x0000000709200000, 0x0000000709400000|  0%| F|  |TAMS 0x0000000709200000| PB 0x0000000709200000| Untracked |  0
|  35|0x0000000709400000, 0x0000000709400000, 0x0000000709600000|  0%| F|  |TAMS 0x0000000709400000| PB 0x0000000709400000| Untracked |  0
|  36|0x0000000709600000, 0x0000000709600000, 0x0000000709800000|  0%| F|  |TAMS 0x0000000709600000| PB 0x0000000709600000| Untracked |  0
|  37|0x0000000709800000, 0x0000000709800000, 0x0000000709a00000|  0%| F|  |TAMS 0x0000000709800000| PB 0x0000000709800000| Untracked |  0
|  38|0x0000000709a00000, 0x0000000709a00000, 0x0000000709c00000|  0%| F|  |TAMS 0x0000000709a00000| PB 0x0000000709a00000| Untracked |  0
|  39|0x0000000709c00000, 0x0000000709c00000, 0x0000000709e00000|  0%| F|  |TAMS 0x0000000709c00000| PB 0x0000000709c00000| Untracked |  0
|  40|0x0000000709e00000, 0x0000000709e00000, 0x000000070a000000|  0%| F|  |TAMS 0x0000000709e00000| PB 0x0000000709e00000| Untracked |  0
|  41|0x000000070a000000, 0x000000070a000000, 0x000000070a200000|  0%| F|  |TAMS 0x000000070a000000| PB 0x000000070a000000| Untracked |  0
|  42|0x000000070a200000, 0x000000070a200000, 0x000000070a400000|  0%| F|  |TAMS 0x000000070a200000| PB 0x000000070a200000| Untracked |  0
|  43|0x000000070a400000, 0x000000070a400000, 0x000000070a600000|  0%| F|  |TAMS 0x000000070a400000| PB 0x000000070a400000| Untracked |  0
|  44|0x000000070a600000, 0x000000070a600000, 0x000000070a800000|  0%| F|  |TAMS 0x000000070a600000| PB 0x000000070a600000| Untracked |  0
|  45|0x000000070a800000, 0x000000070a800000, 0x000000070aa00000|  0%| F|  |TAMS 0x000000070a800000| PB 0x000000070a800000| Untracked |  0
|  46|0x000000070aa00000, 0x000000070aa00000, 0x000000070ac00000|  0%| F|  |TAMS 0x000000070aa00000| PB 0x000000070aa00000| Untracked |  0
|  47|0x000000070ac00000, 0x000000070ac00000, 0x000000070ae00000|  0%| F|  |TAMS 0x000000070ac00000| PB 0x000000070ac00000| Untracked |  0
|  48|0x000000070ae00000, 0x000000070ae00000, 0x000000070b000000|  0%| F|  |TAMS 0x000000070ae00000| PB 0x000000070ae00000| Untracked |  0
|  49|0x000000070b000000, 0x000000070b000000, 0x000000070b200000|  0%| F|  |TAMS 0x000000070b000000| PB 0x000000070b000000| Untracked |  0
|  50|0x000000070b200000, 0x000000070b200000, 0x000000070b400000|  0%| F|  |TAMS 0x000000070b200000| PB 0x000000070b200000| Untracked |  0
|  51|0x000000070b400000, 0x000000070b400000, 0x000000070b600000|  0%| F|  |TAMS 0x000000070b400000| PB 0x000000070b400000| Untracked |  0
|  52|0x000000070b600000, 0x000000070b600000, 0x000000070b800000|  0%| F|  |TAMS 0x000000070b600000| PB 0x000000070b600000| Untracked |  0
|  53|0x000000070b800000, 0x000000070b800000, 0x000000070ba00000|  0%| F|  |TAMS 0x000000070b800000| PB 0x000000070b800000| Untracked |  0
|  54|0x000000070ba00000, 0x000000070ba00000, 0x000000070bc00000|  0%| F|  |TAMS 0x000000070ba00000| PB 0x000000070ba00000| Untracked |  0
|  55|0x000000070bc00000, 0x000000070bc00000, 0x000000070be00000|  0%| F|  |TAMS 0x000000070bc00000| PB 0x000000070bc00000| Untracked |  0
|  56|0x000000070be00000, 0x000000070be00000, 0x000000070c000000|  0%| F|  |TAMS 0x000000070be00000| PB 0x000000070be00000| Untracked |  0
|  57|0x000000070c000000, 0x000000070c000000, 0x000000070c200000|  0%| F|  |TAMS 0x000000070c000000| PB 0x000000070c000000| Untracked |  0
|  58|0x000000070c200000, 0x000000070c200000, 0x000000070c400000|  0%| F|  |TAMS 0x000000070c200000| PB 0x000000070c200000| Untracked |  0
|  59|0x000000070c400000, 0x000000070c400000, 0x000000070c600000|  0%| F|  |TAMS 0x000000070c400000| PB 0x000000070c400000| Untracked |  0
|  60|0x000000070c600000, 0x000000070c600000, 0x000000070c800000|  0%| F|  |TAMS 0x000000070c600000| PB 0x000000070c600000| Untracked |  0
|  61|0x000000070c800000, 0x000000070c800000, 0x000000070ca00000|  0%| F|  |TAMS 0x000000070c800000| PB 0x000000070c800000| Untracked |  0
|  62|0x000000070ca00000, 0x000000070ca00000, 0x000000070cc00000|  0%| F|  |TAMS 0x000000070ca00000| PB 0x000000070ca00000| Untracked |  0
|  63|0x000000070cc00000, 0x000000070cc00000, 0x000000070ce00000|  0%| F|  |TAMS 0x000000070cc00000| PB 0x000000070cc00000| Untracked |  0
|  64|0x000000070ce00000, 0x000000070ce00000, 0x000000070d000000|  0%| F|  |TAMS 0x000000070ce00000| PB 0x000000070ce00000| Untracked |  0
|  65|0x000000070d000000, 0x000000070d000000, 0x000000070d200000|  0%| F|  |TAMS 0x000000070d000000| PB 0x000000070d000000| Untracked |  0
|  66|0x000000070d200000, 0x000000070d200000, 0x000000070d400000|  0%| F|  |TAMS 0x000000070d200000| PB 0x000000070d200000| Untracked |  0
|  67|0x000000070d400000, 0x000000070d400000, 0x000000070d600000|  0%| F|  |TAMS 0x000000070d400000| PB 0x000000070d400000| Untracked |  0
|  68|0x000000070d600000, 0x000000070d600000, 0x000000070d800000|  0%| F|  |TAMS 0x000000070d600000| PB 0x000000070d600000| Untracked |  0
|  69|0x000000070d800000, 0x000000070d800000, 0x000000070da00000|  0%| F|  |TAMS 0x000000070d800000| PB 0x000000070d800000| Untracked |  0
|  70|0x000000070da00000, 0x000000070da00000, 0x000000070dc00000|  0%| F|  |TAMS 0x000000070da00000| PB 0x000000070da00000| Untracked |  0
|  71|0x000000070dc00000, 0x000000070dc00000, 0x000000070de00000|  0%| F|  |TAMS 0x000000070dc00000| PB 0x000000070dc00000| Untracked |  0
|  72|0x000000070de00000, 0x000000070de00000, 0x000000070e000000|  0%| F|  |TAMS 0x000000070de00000| PB 0x000000070de00000| Untracked |  0
|  73|0x000000070e000000, 0x000000070e000000, 0x000000070e200000|  0%| F|  |TAMS 0x000000070e000000| PB 0x000000070e000000| Untracked |  0
|  74|0x000000070e200000, 0x000000070e200000, 0x000000070e400000|  0%| F|  |TAMS 0x000000070e200000| PB 0x000000070e200000| Untracked |  0
|  75|0x000000070e400000, 0x000000070e400000, 0x000000070e600000|  0%| F|  |TAMS 0x000000070e400000| PB 0x000000070e400000| Untracked |  0
|  76|0x000000070e600000, 0x000000070e600000, 0x000000070e800000|  0%| F|  |TAMS 0x000000070e600000| PB 0x000000070e600000| Untracked |  0
|  77|0x000000070e800000, 0x000000070e800000, 0x000000070ea00000|  0%| F|  |TAMS 0x000000070e800000| PB 0x000000070e800000| Untracked |  0
|  78|0x000000070ea00000, 0x000000070ea00000, 0x000000070ec00000|  0%| F|  |TAMS 0x000000070ea00000| PB 0x000000070ea00000| Untracked |  0
|  79|0x000000070ec00000, 0x000000070ec00000, 0x000000070ee00000|  0%| F|  |TAMS 0x000000070ec00000| PB 0x000000070ec00000| Untracked |  0
|  80|0x000000070ee00000, 0x000000070ee00000, 0x000000070f000000|  0%| F|  |TAMS 0x000000070ee00000| PB 0x000000070ee00000| Untracked |  0
|  81|0x000000070f000000, 0x000000070f000000, 0x000000070f200000|  0%| F|  |TAMS 0x000000070f000000| PB 0x000000070f000000| Untracked |  0
|  82|0x000000070f200000, 0x000000070f200000, 0x000000070f400000|  0%| F|  |TAMS 0x000000070f200000| PB 0x000000070f200000| Untracked |  0
|  83|0x000000070f400000, 0x000000070f400000, 0x000000070f600000|  0%| F|  |TAMS 0x000000070f400000| PB 0x000000070f400000| Untracked |  0
|  84|0x000000070f600000, 0x000000070f600000, 0x000000070f800000|  0%| F|  |TAMS 0x000000070f600000| PB 0x000000070f600000| Untracked |  0
|  85|0x000000070f800000, 0x000000070f800000, 0x000000070fa00000|  0%| F|  |TAMS 0x000000070f800000| PB 0x000000070f800000| Untracked |  0
|  86|0x000000070fa00000, 0x000000070fa00000, 0x000000070fc00000|  0%| F|  |TAMS 0x000000070fa00000| PB 0x000000070fa00000| Untracked |  0
|  87|0x000000070fc00000, 0x000000070fc00000, 0x000000070fe00000|  0%| F|  |TAMS 0x000000070fc00000| PB 0x000000070fc00000| Untracked |  0
|  88|0x000000070fe00000, 0x000000070fe00000, 0x0000000710000000|  0%| F|  |TAMS 0x000000070fe00000| PB 0x000000070fe00000| Untracked |  0
|  89|0x0000000710000000, 0x0000000710000000, 0x0000000710200000|  0%| F|  |TAMS 0x0000000710000000| PB 0x0000000710000000| Untracked |  0
|  90|0x0000000710200000, 0x0000000710200000, 0x0000000710400000|  0%| F|  |TAMS 0x0000000710200000| PB 0x0000000710200000| Untracked |  0
|  91|0x0000000710400000, 0x0000000710400000, 0x0000000710600000|  0%| F|  |TAMS 0x0000000710400000| PB 0x0000000710400000| Untracked |  0
|  92|0x0000000710600000, 0x0000000710600000, 0x0000000710800000|  0%| F|  |TAMS 0x0000000710600000| PB 0x0000000710600000| Untracked |  0
|  93|0x0000000710800000, 0x0000000710800000, 0x0000000710a00000|  0%| F|  |TAMS 0x0000000710800000| PB 0x0000000710800000| Untracked |  0
|  94|0x0000000710a00000, 0x0000000710a00000, 0x0000000710c00000|  0%| F|  |TAMS 0x0000000710a00000| PB 0x0000000710a00000| Untracked |  0
|  95|0x0000000710c00000, 0x0000000710c00000, 0x0000000710e00000|  0%| F|  |TAMS 0x0000000710c00000| PB 0x0000000710c00000| Untracked |  0
|  96|0x0000000710e00000, 0x0000000710e00000, 0x0000000711000000|  0%| F|  |TAMS 0x0000000710e00000| PB 0x0000000710e00000| Untracked |  0
|  97|0x0000000711000000, 0x0000000711000000, 0x0000000711200000|  0%| F|  |TAMS 0x0000000711000000| PB 0x0000000711000000| Untracked |  0
|  98|0x0000000711200000, 0x0000000711200000, 0x0000000711400000|  0%| F|  |TAMS 0x0000000711200000| PB 0x0000000711200000| Untracked |  0
|  99|0x0000000711400000, 0x0000000711400000, 0x0000000711600000|  0%| F|  |TAMS 0x0000000711400000| PB 0x0000000711400000| Untracked |  0
| 100|0x0000000711600000, 0x0000000711600000, 0x0000000711800000|  0%| F|  |TAMS 0x0000000711600000| PB 0x0000000711600000| Untracked |  0
| 101|0x0000000711800000, 0x0000000711800000, 0x0000000711a00000|  0%| F|  |TAMS 0x0000000711800000| PB 0x0000000711800000| Untracked |  0
| 102|0x0000000711a00000, 0x0000000711a00000, 0x0000000711c00000|  0%| F|  |TAMS 0x0000000711a00000| PB 0x0000000711a00000| Untracked |  0
| 103|0x0000000711c00000, 0x0000000711c00000, 0x0000000711e00000|  0%| F|  |TAMS 0x0000000711c00000| PB 0x0000000711c00000| Untracked |  0
| 104|0x0000000711e00000, 0x0000000711e00000, 0x0000000712000000|  0%| F|  |TAMS 0x0000000711e00000| PB 0x0000000711e00000| Untracked |  0
| 105|0x0000000712000000, 0x0000000712000000, 0x0000000712200000|  0%| F|  |TAMS 0x0000000712000000| PB 0x0000000712000000| Untracked |  0
| 106|0x0000000712200000, 0x0000000712200000, 0x0000000712400000|  0%| F|  |TAMS 0x0000000712200000| PB 0x0000000712200000| Untracked |  0
| 107|0x0000000712400000, 0x0000000712400000, 0x0000000712600000|  0%| F|  |TAMS 0x0000000712400000| PB 0x0000000712400000| Untracked |  0
| 108|0x0000000712600000, 0x0000000712600000, 0x0000000712800000|  0%| F|  |TAMS 0x0000000712600000| PB 0x0000000712600000| Untracked |  0
| 109|0x0000000712800000, 0x0000000712800000, 0x0000000712a00000|  0%| F|  |TAMS 0x0000000712800000| PB 0x0000000712800000| Untracked |  0
| 110|0x0000000712a00000, 0x0000000712a00000, 0x0000000712c00000|  0%| F|  |TAMS 0x0000000712a00000| PB 0x0000000712a00000| Untracked |  0
| 111|0x0000000712c00000, 0x0000000712c00000, 0x0000000712e00000|  0%| F|  |TAMS 0x0000000712c00000| PB 0x0000000712c00000| Untracked |  0
| 112|0x0000000712e00000, 0x0000000712ef6c38, 0x0000000713000000| 48%| E|  |TAMS 0x0000000712e00000| PB 0x0000000712e00000| Complete |  0
| 113|0x0000000713000000, 0x0000000713200000, 0x0000000713200000|100%| E|CS|TAMS 0x0000000713000000| PB 0x0000000713000000| Complete |  0
| 114|0x0000000713200000, 0x0000000713400000, 0x0000000713400000|100%| E|CS|TAMS 0x0000000713200000| PB 0x0000000713200000| Complete |  0
| 115|0x0000000713400000, 0x0000000713600000, 0x0000000713600000|100%| E|CS|TAMS 0x0000000713400000| PB 0x0000000713400000| Complete |  0
| 116|0x0000000713600000, 0x0000000713800000, 0x0000000713800000|100%| E|CS|TAMS 0x0000000713600000| PB 0x0000000713600000| Complete |  0
| 117|0x0000000713800000, 0x0000000713a00000, 0x0000000713a00000|100%| E|CS|TAMS 0x0000000713800000| PB 0x0000000713800000| Complete |  0
| 118|0x0000000713a00000, 0x0000000713c00000, 0x0000000713c00000|100%| E|CS|TAMS 0x0000000713a00000| PB 0x0000000713a00000| Complete |  0
| 119|0x0000000713c00000, 0x0000000713e00000, 0x0000000713e00000|100%| E|CS|TAMS 0x0000000713c00000| PB 0x0000000713c00000| Complete |  0
| 120|0x0000000713e00000, 0x0000000714000000, 0x0000000714000000|100%| E|CS|TAMS 0x0000000713e00000| PB 0x0000000713e00000| Complete |  0
| 121|0x0000000714000000, 0x0000000714200000, 0x0000000714200000|100%| E|CS|TAMS 0x0000000714000000| PB 0x0000000714000000| Complete |  0
| 122|0x0000000714200000, 0x0000000714400000, 0x0000000714400000|100%| E|  |TAMS 0x0000000714200000| PB 0x0000000714200000| Complete |  0
| 123|0x0000000714400000, 0x0000000714600000, 0x0000000714600000|100%| E|CS|TAMS 0x0000000714400000| PB 0x0000000714400000| Complete |  0
| 124|0x0000000714600000, 0x0000000714800000, 0x0000000714800000|100%| E|CS|TAMS 0x0000000714600000| PB 0x0000000714600000| Complete |  0
| 125|0x0000000714800000, 0x0000000714a00000, 0x0000000714a00000|100%| E|CS|TAMS 0x0000000714800000| PB 0x0000000714800000| Complete |  0
|2008|0x00000007ffe00000, 0x00000007fff1c288, 0x0000000800000000| 55%| O|  |TAMS 0x00000007ffe00000| PB 0x00000007ffe00000| Untracked |  0

Card table byte_map: [0x00000135cc530000,0x00000135ccd10000] _byte_map_base: 0x00000135c8d09000

Marking Bits: (CMBitMap*) 0x00000135b40d1b90
 Bits: [0x00000135ccd10000, 0x00000135d0bd8000)

Polling page: 0x00000135b3830000

Metaspace:

Usage:
  Non-class:      6.41 MB used.
      Class:    626.78 KB used.
       Both:      7.02 MB used.

Virtual space:
  Non-class space:       64.00 MB reserved,       6.50 MB ( 10%) committed,  1 nodes.
      Class space:        1.00 GB reserved,     704.00 KB ( <1%) committed,  1 nodes.
             Both:        1.06 GB reserved,       7.19 MB ( <1%) committed. 

Chunk freelists:
   Non-Class:  8.90 MB
       Class:  15.16 MB
        Both:  24.06 MB

MaxMetaspaceSize: unlimited
CompressedClassSpaceSize: 1.00 GB
Initial GC threshold: 21.00 MB
Current GC threshold: 21.00 MB
CDS: on
 - commit_granule_bytes: 65536.
 - commit_granule_words: 8192.
 - virtual_space_node_default_size: 8388608.
 - enlarge_chunks_in_place: 1.
UseCompressedClassPointers 1, UseCompactObjectHeaders 0
Narrow klass pointer bits 32, Max shift 3
Narrow klass base: 0x00000135d4000000, Narrow klass shift: 0
Encoding Range: [0x00000135d4000000 - 0x00000136d4000000), (4294967296 bytes)
Klass Range:    [0x00000135d4000000 - 0x0000013615000000), (1090519040 bytes)
Klass ID Range:  [8 - 1090519033) (1090519025)


Internal statistics:

num_allocs_failed_limit: 0.
num_arena_births: 96.
num_arena_deaths: 0.
num_vsnodes_births: 2.
num_vsnodes_deaths: 0.
num_space_committed: 115.
num_space_uncommitted: 0.
num_chunks_returned_to_freelist: 0.
num_chunks_taken_from_freelist: 230.
num_chunk_merges: 0.
num_chunk_splits: 123.
num_chunks_enlarged: 77.
num_inconsistent_stats: 0.

CodeHeap 'non-profiled nmethods': size=120064Kb used=434Kb max_used=434Kb free=119629Kb
 bounds [0x00000135c43c0000, 0x00000135c4630000, 0x00000135cb900000]
CodeHeap 'profiled nmethods': size=120000Kb used=1795Kb max_used=1795Kb free=118204Kb
 bounds [0x00000135bc900000, 0x00000135bcb70000, 0x00000135c3e30000]
CodeHeap 'non-nmethods': size=5696Kb used=1440Kb max_used=1486Kb free=4255Kb
 bounds [0x00000135c3e30000, 0x00000135c40a0000, 0x00000135c43c0000]
CodeCache: size=245760Kb, used=3669Kb, max_used=3715Kb, free=242088Kb
 total_blobs=1833, nmethods=1347, adapters=390, full_count=0
Compilation: enabled, stopped_count=0, restarted_count=0

Compilation events (20 events):
Event: 0.634 Thread 0x00000135d36fd8f0 1178       3       jdk.jfr.internal.jfc.model.XmlElement::instantiate (67 bytes)
Event: 0.634 Thread 0x00000135d36fd8f0 nmethod 1178 0x00000135bca76588 code [0x00000135bca76740, 0x00000135bca77038]
Event: 0.634 Thread 0x00000135d36fd8f0 1179   !   3       jdk.jfr.internal.jfc.model.Utilities::instantiate (48 bytes)
Event: 0.635 Thread 0x00000135d36fd8f0 nmethod 1179 0x00000135bca77088 code [0x00000135bca77300, 0x00000135bca78628]
Event: 0.635 Thread 0x00000135d36fd8f0 1165       3       java.lang.reflect.Constructor::newInstance (34 bytes)
Event: 0.636 Thread 0x00000135d36fd8f0 nmethod 1165 0x00000135bca78708 code [0x00000135bca78840, 0x00000135bca78af0]
Event: 0.636 Thread 0x00000135d36fd8f0 1166   !   3       jdk.internal.reflect.DirectConstructorHandleAccessor::newInstance (130 bytes)
Event: 0.638 Thread 0x00000135d36fd8f0 nmethod 1166 0x00000135bca78b08 code [0x00000135bca78f20, 0x00000135bca7b550]
Event: 0.638 Thread 0x00000135d36fd8f0 1183       3       jdk.jfr.internal.jfc.model.XmlElement::addChild (12 bytes)
Event: 0.638 Thread 0x00000135d36fd8f0 nmethod 1183 0x00000135bca7b608 code [0x00000135bca7b720, 0x00000135bca7b8f8]
Event: 0.638 Thread 0x00000135d36fd8f0 1184       3       jdk.jfr.internal.jfc.model.Parser$ConfigurationHandler::endElement (117 bytes)
Event: 0.639 Thread 0x00000135d36fd8f0 nmethod 1184 0x00000135bca7b908 code [0x00000135bca7bc20, 0x00000135bca7d7b0]
Event: 0.640 Thread 0x00000135d36fd8f0 1167       3       java.lang.reflect.Constructor::copy (80 bytes)
Event: 0.640 Thread 0x0000013619c718e0 1189       4       jdk.internal.util.xml.impl.Parser::ensureCapacity (96 bytes)
Event: 0.640 Thread 0x00000135d36fd8f0 nmethod 1167 0x00000135bca7d888 code [0x00000135bca7d9e0, 0x00000135bca7de28]
Event: 0.640 Thread 0x00000135d36fd8f0 1168       3       java.lang.reflect.AccessibleObject::checkAccess (40 bytes)
Event: 0.640 Thread 0x00000135d36fd8f0 nmethod 1168 0x00000135bca7de88 code [0x00000135bca7dfe0, 0x00000135bca7e3a8]
Event: 0.640 Thread 0x00000135d36fd8f0 1169       3       java.lang.reflect.AccessibleObject::verifyAccess (55 bytes)
Event: 0.862 Thread 0x00000135d36fd8f0 nmethod 1169 0x00000135bca7e408 code [0x00000135bca7e5a0, 0x00000135bca7ee30]
Event: 0.862 Thread 0x00000135d36fd8f0 1170       3       java.lang.reflect.AccessibleObject::slowVerifyAccess (67 bytes)

GC Heap History (0 events):
No events

Dll operation events (11 events):
Event: 0.012 Loaded shared library C:\Users\HP\.jdks\openjdk-24.0.1\bin\java.dll
Event: 0.063 Loaded shared library C:\Users\HP\.jdks\openjdk-24.0.1\bin\jsvml.dll
Event: 0.195 Loaded shared library C:\Users\HP\.jdks\openjdk-24.0.1\bin\zip.dll
Event: 0.199 Loaded shared library C:\Users\HP\.jdks\openjdk-24.0.1\bin\instrument.dll
Event: 0.205 Loaded shared library C:\Users\HP\.jdks\openjdk-24.0.1\bin\net.dll
Event: 0.207 Loaded shared library C:\Users\HP\.jdks\openjdk-24.0.1\bin\nio.dll
Event: 0.211 Loaded shared library C:\Users\HP\.jdks\openjdk-24.0.1\bin\zip.dll
Event: 0.348 Loaded shared library C:\Users\HP\.jdks\openjdk-24.0.1\bin\extnet.dll
Event: 0.356 Loaded shared library C:\Users\HP\.jdks\openjdk-24.0.1\bin\jimage.dll
Event: 0.438 Loaded shared library C:\Users\HP\.jdks\openjdk-24.0.1\bin\management.dll
Event: 0.451 Loaded shared library C:\Users\HP\.jdks\openjdk-24.0.1\bin\management_ext.dll

Deoptimization events (20 events):
Event: 0.474 Thread 0x00000135b1cb11c0 DEOPT PACKING pc=0x00000135c43f200c sp=0x0000001c827fd180
Event: 0.474 Thread 0x00000135b1cb11c0 DEOPT UNPACKING pc=0x00000135c3f55f02 sp=0x0000001c827fd100 mode 2
Event: 0.474 Thread 0x00000135b1cb11c0 Uncommon trap: trap_request=0xffffff4d fr.pc=0x00000135c43d5ca8 relative=0x00000000000000a8
Event: 0.474 Thread 0x00000135b1cb11c0 Uncommon trap: reason=unstable_if action=reinterpret pc=0x00000135c43d5ca8 method=java.util.HashMap.hash(Ljava/lang/Object;)I @ 1 c2
Event: 0.474 Thread 0x00000135b1cb11c0 DEOPT PACKING pc=0x00000135c43d5ca8 sp=0x0000001c827fd160
Event: 0.474 Thread 0x00000135b1cb11c0 DEOPT UNPACKING pc=0x00000135c3f55f02 sp=0x0000001c827fd0f8 mode 2
Event: 0.495 Thread 0x00000135b1cb11c0 DEOPT PACKING pc=0x00000135bc922af9 sp=0x0000001c827fa150
Event: 0.495 Thread 0x00000135b1cb11c0 DEOPT UNPACKING pc=0x00000135c3e86642 sp=0x0000001c827f95c8 mode 0
Event: 0.600 Thread 0x00000135d36f76c0 DEOPT PACKING pc=0x00000135bc932999 sp=0x0000001c832fd050
Event: 0.600 Thread 0x00000135d36f76c0 DEOPT UNPACKING pc=0x00000135c3e86642 sp=0x0000001c832fc4c8 mode 0
Event: 0.608 Thread 0x00000135d36f76c0 DEOPT PACKING pc=0x00000135bc932999 sp=0x0000001c832fcf30
Event: 0.608 Thread 0x00000135d36f76c0 DEOPT UNPACKING pc=0x00000135c3e86642 sp=0x0000001c832fc3a8 mode 0
Event: 0.631 Thread 0x00000135d36f76c0 Uncommon trap: trap_request=0xffffff4d fr.pc=0x00000135c4418b54 relative=0x00000000000000b4
Event: 0.631 Thread 0x00000135d36f76c0 Uncommon trap: reason=unstable_if action=reinterpret pc=0x00000135c4418b54 method=jdk.internal.util.xml.impl.Parser.bappend(CC)V @ 1 c2
Event: 0.631 Thread 0x00000135d36f76c0 DEOPT PACKING pc=0x00000135c4418b54 sp=0x0000001c832fd230
Event: 0.631 Thread 0x00000135d36f76c0 DEOPT UNPACKING pc=0x00000135c3f55f02 sp=0x0000001c832fd1b8 mode 2
Event: 0.631 Thread 0x00000135d36f76c0 Uncommon trap: trap_request=0xffffff4d fr.pc=0x00000135c44184e0 relative=0x0000000000000060
Event: 0.631 Thread 0x00000135d36f76c0 Uncommon trap: reason=unstable_if action=reinterpret pc=0x00000135c44184e0 method=jdk.internal.util.xml.impl.Parser.ensureCapacity(I)V @ 40 c2
Event: 0.631 Thread 0x00000135d36f76c0 DEOPT PACKING pc=0x00000135c44184e0 sp=0x0000001c832fd230
Event: 0.631 Thread 0x00000135d36f76c0 DEOPT UNPACKING pc=0x00000135c3f55f02 sp=0x0000001c832fd1a8 mode 2

Classes loaded (20 events):
Event: 0.619 Loading class jdk/jfr/internal/jfc/model/XmlText
Event: 0.619 Loading class jdk/jfr/internal/jfc/model/XmlInput
Event: 0.619 Loading class jdk/jfr/internal/jfc/model/XmlInput done
Event: 0.619 Loading class jdk/jfr/internal/jfc/model/XmlText done
Event: 0.619 Loading class jdk/jfr/internal/jfc/model/XmlSelection
Event: 0.620 Loading class jdk/jfr/internal/jfc/model/XmlSelection done
Event: 0.620 Loading class jdk/jfr/internal/jfc/model/XmlFlag
Event: 0.620 Loading class jdk/jfr/internal/jfc/model/XmlFlag done
Event: 0.620 Loading class jdk/jfr/internal/jfc/model/XmlOption
Event: 0.620 Loading class jdk/jfr/internal/jfc/model/XmlOption done
Event: 0.621 Loading class jdk/jfr/internal/jfc/model/XmlOr
Event: 0.621 Loading class jdk/jfr/internal/jfc/model/XmlOr done
Event: 0.621 Loading class jdk/jfr/internal/jfc/model/XmlAnd
Event: 0.621 Loading class jdk/jfr/internal/jfc/model/XmlAnd done
Event: 0.621 Loading class jdk/jfr/internal/jfc/model/XmlTest
Event: 0.621 Loading class jdk/jfr/internal/jfc/model/XmlTest done
Event: 0.621 Loading class jdk/jfr/internal/jfc/model/XmlNot
Event: 0.621 Loading class jdk/jfr/internal/jfc/model/XmlNot done
Event: 0.639 Loading class java/lang/TypeNotPresentException
Event: 0.639 Loading class java/lang/TypeNotPresentException done

Classes unloaded (0 events):
No events

Classes redefined (0 events):
No events

Internal exceptions (18 events):
Event: 0.319 Thread 0x00000135b1cb11c0 Exception <a 'java/lang/NoSuchMethodError'{0x0000000713e56cc8}: 'void java.lang.invoke.DirectMethodHandle$Holder.invokeStatic(java.lang.Object, java.lang.Object, java.lang.Object)'> (0x0000000713e56cc8) 
thrown [s\open\src\hotspot\share\interpreter\linkResolver.cpp, line 805]
Event: 0.329 Thread 0x00000135b1cb11c0 Exception <a 'java/lang/NoSuchMethodError'{0x0000000713e8b888}: 'java.lang.Object java.lang.invoke.Invokers$Holder.invokeExact_MT(java.lang.Object, java.lang.Object, java.lang.Object, java.lang.Object, java.lang.Object)'> (0x0000000713e8b888) 
thrown [s\open\src\hotspot\share\interpreter\linkResolver.cpp, line 805]
Event: 0.346 Thread 0x00000136192e36c0 Exception <a 'java/lang/NoSuchMethodError'{0x0000000713efaf50}: 'java.lang.Object java.lang.invoke.DirectMethodHandle$Holder.invokeStaticInit(java.lang.Object)'> (0x0000000713efaf50) 
thrown [s\open\src\hotspot\share\interpreter\linkResolver.cpp, line 805]
Event: 0.351 Thread 0x00000136192e36c0 Exception <a 'java/lang/NoSuchMethodError'{0x0000000713f05b60}: 'void java.lang.invoke.DirectMethodHandle$Holder.invokeStatic(java.lang.Object, java.lang.Object)'> (0x0000000713f05b60) 
thrown [s\open\src\hotspot\share\interpreter\linkResolver.cpp, line 805]
Event: 0.387 Thread 0x00000135d36f76c0 Exception <a 'java/lang/NoSuchMethodError'{0x0000000713cd7a60}: 'java.lang.Object java.lang.invoke.DirectMethodHandle$Holder.newInvokeSpecial(java.lang.Object, java.lang.Object, java.lang.Object, int)'> (0x0000000713cd7a60) 
thrown [s\open\src\hotspot\share\interpreter\linkResolver.cpp, line 805]
Event: 0.388 Thread 0x00000135d36f76c0 Exception <a 'java/lang/NoSuchMethodError'{0x0000000713ce0658}: 'java.lang.Object java.lang.invoke.Invokers$Holder.linkToTargetMethod(java.lang.Object, java.lang.Object, int, java.lang.Object)'> (0x0000000713ce0658) 
thrown [s\open\src\hotspot\share\interpreter\linkResolver.cpp, line 805]
Event: 0.450 Thread 0x00000135b1cb11c0 Exception <a 'java/lang/NoSuchMethodError'{0x0000000713b42ad8}: 'java.lang.Object java.lang.invoke.DelegatingMethodHandle$Holder.reinvoke_L(java.lang.Object, java.lang.Object, java.lang.Object, long, java.lang.Object)'> (0x0000000713b42ad8) 
thrown [s\open\src\hotspot\share\interpreter\linkResolver.cpp, line 805]
Event: 0.452 Thread 0x00000135b1cb11c0 Exception <a 'java/lang/NoSuchMethodError'{0x0000000713b530d0}: 'java.lang.Object java.lang.invoke.Invokers$Holder.linkToTargetMethod(java.lang.Object, long, java.lang.Object, java.lang.Object)'> (0x0000000713b530d0) 
thrown [s\open\src\hotspot\share\interpreter\linkResolver.cpp, line 805]
Event: 0.457 Thread 0x00000135d36f76c0 Exception <a 'java/lang/NoSuchMethodError'{0x0000000713a45a60}: 'int java.lang.invoke.DirectMethodHandle$Holder.invokeInterface(java.lang.Object, java.lang.Object)'> (0x0000000713a45a60) 
thrown [s\open\src\hotspot\share\interpreter\linkResolver.cpp, line 805]
Event: 0.458 Thread 0x00000135d36f76c0 Exception <a 'java/lang/IncompatibleClassChangeError'{0x0000000713a4d6e0}: Found class java.lang.Object, but interface was expected> (0x0000000713a4d6e0) 
thrown [s\open\src\hotspot\share\interpreter\linkResolver.cpp, line 872]
Event: 0.474 Thread 0x00000135b1cb11c0 Implicit null exception at 0x00000135c43f1699 to 0x00000135c43f1ff4
Event: 0.474 Thread 0x00000135b1cb11c0 Implicit null exception at 0x00000135c43d5c1d to 0x00000135c43d5c99
Event: 0.506 Thread 0x00000135d36f76c0 Exception <a 'java/lang/NoSuchMethodError'{0x0000000713af03b0}: 'void java.lang.invoke.DirectMethodHandle$Holder.invokeSpecial(java.lang.Object, java.lang.Object, java.lang.Object)'> (0x0000000713af03b0) 
thrown [s\open\src\hotspot\share\interpreter\linkResolver.cpp, line 805]
Event: 0.523 Thread 0x00000135d36f76c0 Exception <a 'java/lang/NoSuchMethodError'{0x0000000713954208}: 'int java.lang.invoke.DirectMethodHandle$Holder.invokeSpecial(java.lang.Object, java.lang.Object, java.lang.Object)'> (0x0000000713954208) 
thrown [s\open\src\hotspot\share\interpreter\linkResolver.cpp, line 805]
Event: 0.527 Thread 0x00000135b1cb11c0 Exception <a 'java/lang/NoSuchMethodError'{0x0000000713886510}: 'void java.lang.invoke.DirectMethodHandle$Holder.invokeStatic(java.lang.Object, java.lang.Object, java.lang.Object, java.lang.Object)'> (0x0000000713886510) 
thrown [s\open\src\hotspot\share\interpreter\linkResolver.cpp, line 805]
Event: 0.571 Thread 0x00000135d36f76c0 Exception <a 'java/lang/NoSuchMethodError'{0x00000007136e5268}: 'java.lang.Object java.lang.invoke.DirectMethodHandle$Holder.invokeStaticInit(java.lang.Object, java.lang.Object, java.lang.Object)'> (0x00000007136e5268) 
thrown [s\open\src\hotspot\share\interpreter\linkResolver.cpp, line 805]
Event: 0.581 Thread 0x00000135b1cb11c0 Exception <a 'java/lang/NoSuchMethodError'{0x00000007137a2378}: 'int java.lang.invoke.DirectMethodHandle$Holder.invokeStaticInit(java.lang.Object, java.lang.Object)'> (0x00000007137a2378) 
thrown [s\open\src\hotspot\share\interpreter\linkResolver.cpp, line 805]
Event: 0.591 Thread 0x00000135b1cb11c0 Exception <a 'java/lang/NoSuchMethodError'{0x00000007137d7310}: 'void java.lang.invoke.DirectMethodHandle$Holder.invokeInterface(java.lang.Object, java.lang.Object, java.lang.Object, java.lang.Object)'> (0x00000007137d7310) 
thrown [s\open\src\hotspot\share\interpreter\linkResolver.cpp, line 805]

VM Operations (10 events):
Event: 0.178 Executing VM operation: HandshakeAllThreads (Deoptimize)
Event: 0.178 Executing VM operation: HandshakeAllThreads (Deoptimize) done
Event: 0.366 Executing VM operation: HandshakeAllThreads (Deoptimize)
Event: 0.366 Executing VM operation: HandshakeAllThreads (Deoptimize) done
Event: 0.399 Executing VM operation: HandshakeAllThreads (Deoptimize)
Event: 0.399 Executing VM operation: HandshakeAllThreads (Deoptimize) done
Event: 0.406 Executing VM operation: HandshakeAllThreads (Deoptimize)
Event: 0.407 Executing VM operation: HandshakeAllThreads (Deoptimize) done
Event: 0.463 Executing VM operation: HandshakeAllThreads (Deoptimize)
Event: 0.463 Executing VM operation: HandshakeAllThreads (Deoptimize) done

Memory protections (0 events):
No events

Nmethod flushes (0 events):
No events

Events (14 events):
Event: 0.036 Thread 0x00000135b1cb11c0 Thread added: 0x00000135b1cb11c0
Event: 0.060 Thread 0x00000135b1cb11c0 Thread added: 0x00000135d36f1090
Event: 0.060 Thread 0x00000135b1cb11c0 Thread added: 0x00000135d36f39e0
Event: 0.060 Thread 0x00000135b1cb11c0 Thread added: 0x00000135d36f6aa0
Event: 0.060 Thread 0x00000135b1cb11c0 Thread added: 0x00000135d36f76c0
Event: 0.060 Thread 0x00000135b1cb11c0 Thread added: 0x00000135d36f8410
Event: 0.060 Thread 0x00000135b1cb11c0 Thread added: 0x00000135d36fa170
Event: 0.060 Thread 0x00000135b1cb11c0 Thread added: 0x00000135d36fb410
Event: 0.060 Thread 0x00000135b1cb11c0 Thread added: 0x00000135d36fd8f0
Event: 0.202 Thread 0x00000135b1cb11c0 Thread added: 0x00000135d3919c90
Event: 0.220 Thread 0x00000135d36fd8f0 Thread added: 0x00000135d3914850
Event: 0.333 Thread 0x00000135b1cb11c0 Thread added: 0x00000136192e36c0
Event: 0.334 Thread 0x00000135b1cb11c0 Thread added: 0x00000136192e3e00
Event: 0.639 Thread 0x00000135d36fd8f0 Thread added: 0x0000013619c718e0


Dynamic libraries:
0x00007ff7ad5b0000 - 0x00007ff7ad5be000 	C:\Users\HP\.jdks\openjdk-24.0.1\bin\java.exe
0x00007ffcfb220000 - 0x00007ffcfb488000 	C:\WINDOWS\SYSTEM32\ntdll.dll
0x00007ffcfa2e0000 - 0x00007ffcfa3a9000 	C:\WINDOWS\System32\KERNEL32.DLL
0x00007ffcf8870000 - 0x00007ffcf8c5d000 	C:\WINDOWS\System32\KERNELBASE.dll
0x00007ffcf85b0000 - 0x00007ffcf86fb000 	C:\WINDOWS\System32\ucrtbase.dll
0x00007ffcf0560000 - 0x00007ffcf0576000 	C:\Users\HP\.jdks\openjdk-24.0.1\bin\jli.dll
0x00007ffcf99b0000 - 0x00007ffcf9b7c000 	C:\WINDOWS\System32\USER32.dll
0x00007ffcf8840000 - 0x00007ffcf8867000 	C:\WINDOWS\System32\win32u.dll
0x00007ffcf9020000 - 0x00007ffcf904b000 	C:\WINDOWS\System32\GDI32.dll
0x00007ffcf8c60000 - 0x00007ffcf8d97000 	C:\WINDOWS\System32\gdi32full.dll
0x00007ffcf8700000 - 0x00007ffcf87a3000 	C:\WINDOWS\System32\msvcp_win.dll
0x00007ffcd3320000 - 0x00007ffcd333b000 	C:\Users\HP\.jdks\openjdk-24.0.1\bin\VCRUNTIME140.dll
0x00007ffcd0030000 - 0x00007ffcd02ca000 	C:\WINDOWS\WinSxS\amd64_microsoft.windows.common-controls_6595b64144ccf1df_6.0.26100.4484_none_3e0e6d4ce32ef3b3\COMCTL32.dll
0x00007ffcfaf40000 - 0x00007ffcfafe9000 	C:\WINDOWS\System32\msvcrt.dll
0x00007ffcfa5b0000 - 0x00007ffcfa5df000 	C:\WINDOWS\System32\IMM32.DLL
0x00007ffcf21d0000 - 0x00007ffcf21dc000 	C:\Users\HP\.jdks\openjdk-24.0.1\bin\vcruntime140_1.dll
0x00007ffc953b0000 - 0x00007ffc9543e000 	C:\Users\HP\.jdks\openjdk-24.0.1\bin\msvcp140.dll
0x00007ffc640f0000 - 0x00007ffc64e92000 	C:\Users\HP\.jdks\openjdk-24.0.1\bin\server\jvm.dll
0x00007ffcfa890000 - 0x00007ffcfa944000 	C:\WINDOWS\System32\ADVAPI32.dll
0x00007ffcfa770000 - 0x00007ffcfa816000 	C:\WINDOWS\System32\sechost.dll
0x00007ffcfb0c0000 - 0x00007ffcfb1d8000 	C:\WINDOWS\System32\RPCRT4.dll
0x00007ffcfa3b0000 - 0x00007ffcfa424000 	C:\WINDOWS\System32\WS2_32.dll
0x00007ffcf81c0000 - 0x00007ffcf821e000 	C:\WINDOWS\SYSTEM32\POWRPROF.dll
0x00007ffcee6f0000 - 0x00007ffcee725000 	C:\WINDOWS\SYSTEM32\WINMM.dll
0x00007ffce5920000 - 0x00007ffce592b000 	C:\WINDOWS\SYSTEM32\VERSION.dll
0x00007ffcf81a0000 - 0x00007ffcf81b4000 	C:\WINDOWS\SYSTEM32\UMPDC.dll
0x00007ffcf70d0000 - 0x00007ffcf70eb000 	C:\WINDOWS\SYSTEM32\kernel.appcore.dll
0x00007ffcf1b00000 - 0x00007ffcf1b0a000 	C:\Users\HP\.jdks\openjdk-24.0.1\bin\jimage.dll
0x00007ffcf5cc0000 - 0x00007ffcf5f01000 	C:\WINDOWS\SYSTEM32\DBGHELP.DLL
0x00007ffcf9050000 - 0x00007ffcf93d6000 	C:\WINDOWS\System32\combase.dll
0x00007ffcf98c0000 - 0x00007ffcf99a0000 	C:\WINDOWS\System32\OLEAUT32.dll
0x00007ffcd3290000 - 0x00007ffcd32d3000 	C:\WINDOWS\SYSTEM32\dbgcore.DLL
0x00007ffcf8da0000 - 0x00007ffcf8e39000 	C:\WINDOWS\System32\bcryptPrimitives.dll
0x00007ffcf03b0000 - 0x00007ffcf03bf000 	C:\Users\HP\.jdks\openjdk-24.0.1\bin\instrument.dll
0x00007ffcbf080000 - 0x00007ffcbf09e000 	C:\Users\HP\.jdks\openjdk-24.0.1\bin\java.dll
0x00007ffcfabc0000 - 0x00007ffcfad5e000 	C:\WINDOWS\System32\ole32.dll
0x00007ffcf9b80000 - 0x00007ffcfa2ca000 	C:\WINDOWS\System32\SHELL32.dll
0x00007ffcf8430000 - 0x00007ffcf85a4000 	C:\WINDOWS\System32\wintypes.dll
0x00007ffcf5f70000 - 0x00007ffcf67cb000 	C:\WINDOWS\SYSTEM32\windows.storage.dll
0x00007ffcfae40000 - 0x00007ffcfaf35000 	C:\WINDOWS\System32\SHCORE.dll
0x00007ffcfa820000 - 0x00007ffcfa88a000 	C:\WINDOWS\System32\shlwapi.dll
0x00007ffcf8280000 - 0x00007ffcf82af000 	C:\WINDOWS\SYSTEM32\profapi.dll
0x00007ffc952d0000 - 0x00007ffc953a7000 	C:\Users\HP\.jdks\openjdk-24.0.1\bin\jsvml.dll
0x00007ffcbb020000 - 0x00007ffcbb037000 	C:\Users\HP\.jdks\openjdk-24.0.1\bin\zip.dll
0x00007ffceda70000 - 0x00007ffceda80000 	C:\Users\HP\.jdks\openjdk-24.0.1\bin\net.dll
0x00007ffcf7640000 - 0x00007ffcf76aa000 	C:\WINDOWS\system32\mswsock.dll
0x00007ffcbce40000 - 0x00007ffcbce56000 	C:\Users\HP\.jdks\openjdk-24.0.1\bin\nio.dll
0x00007ffcd7740000 - 0x00007ffcd7749000 	C:\Users\HP\.jdks\openjdk-24.0.1\bin\extnet.dll
0x00007ffcf6bd0000 - 0x00007ffcf6cf6000 	C:\WINDOWS\SYSTEM32\DNSAPI.dll
0x00007ffcf6b30000 - 0x00007ffcf6b63000 	C:\WINDOWS\SYSTEM32\IPHLPAPI.DLL
0x00007ffcfb0b0000 - 0x00007ffcfb0ba000 	C:\WINDOWS\System32\NSI.dll
0x00007ffcf0800000 - 0x00007ffcf080b000 	C:\Windows\System32\rasadhlp.dll
0x00007ffcf2960000 - 0x00007ffcf29e6000 	C:\WINDOWS\System32\fwpuclnt.dll
0x00007ffccdca0000 - 0x00007ffccdcaa000 	C:\Users\HP\.jdks\openjdk-24.0.1\bin\management.dll
0x00007ffccdad0000 - 0x00007ffccdadb000 	C:\Users\HP\.jdks\openjdk-24.0.1\bin\management_ext.dll
0x00007ffcfb0a0000 - 0x00007ffcfb0a8000 	C:\WINDOWS\System32\PSAPI.DLL

JVMTI agents:
C:\Program Files\JetBrains\IntelliJ IDEA 2025.1.2\lib\idea_rt.jar path:C:\Users\HP\.jdks\openjdk-24.0.1\bin\instrument.dll, loaded, initialized, instrumentlib options:65300

dbghelp: loaded successfully - version: 4.0.5 - missing functions: none
symbol engine: initialized successfully - sym options: 0x614 - pdb path: .;C:\Users\HP\.jdks\openjdk-24.0.1\bin;C:\WINDOWS\SYSTEM32;C:\WINDOWS\WinSxS\amd64_microsoft.windows.common-controls_6595b64144ccf1df_6.0.26100.4484_none_3e0e6d4ce32ef3b3;C:\Users\HP\.jdks\openjdk-24.0.1\bin\server

VM Arguments:
jvm_args: -javaagent:C:\Program Files\JetBrains\IntelliJ IDEA 2025.1.2\lib\idea_rt.jar=65300 -Dfile.encoding=UTF-8 -Dsun.stdout.encoding=UTF-8 -Dsun.stderr.encoding=UTF-8 
java_command: com.harrisonmoses.store.StoreApplication
java_class_path (initial): C:\Users\HP\Desktop\PBT\Ecommerce-springBoot\store\target\classes;C:\Users\HP\.m2\repository\org\springframework\boot\spring-boot-starter\3.5.0\spring-boot-starter-3.5.0.jar;C:\Users\HP\.m2\repository\org\springframework\boot\spring-boot\3.5.0\spring-boot-3.5.0.jar;C:\Users\HP\.m2\repository\org\springframework\spring-context\6.2.7\spring-context-6.2.7.jar;C:\Users\HP\.m2\repository\org\springframework\boot\spring-boot-autoconfigure\3.5.0\spring-boot-autoconfigure-3.5.0.jar;C:\Users\HP\.m2\repository\org\springframework\boot\spring-boot-starter-logging\3.5.0\spring-boot-starter-logging-3.5.0.jar;C:\Users\HP\.m2\repository\ch\qos\logback\logback-classic\1.5.18\logback-classic-1.5.18.jar;C:\Users\HP\.m2\repository\ch\qos\logback\logback-core\1.5.18\logback-core-1.5.18.jar;C:\Users\HP\.m2\repository\org\apache\logging\log4j\log4j-to-slf4j\2.24.3\log4j-to-slf4j-2.24.3.jar;C:\Users\HP\.m2\repository\org\apache\logging\log4j\log4j-api\2.24.3\log4j-api-2.24.3.jar;C:\Users\HP\.m2\repository\org\slf4j\jul-to-slf4j\2.0.17\jul-to-slf4j-2.0.17.jar;C:\Users\HP\.m2\repository\jakarta\annotation\jakarta.annotation-api\2.1.1\jakarta.annotation-api-2.1.1.jar;C:\Users\HP\.m2\repository\org\springframework\spring-core\6.2.7\spring-core-6.2.7.jar;C:\Users\HP\.m2\repository\org\springframework\spring-jcl\6.2.7\spring-jcl-6.2.7.jar;C:\Users\HP\.m2\repository\org\yaml\snakeyaml\2.4\snakeyaml-2.4.jar;C:\Users\HP\.m2\repository\jakarta\xml\bind\jakarta.xml.bind-api\4.0.2\jakarta.xml.bind-api-4.0.2.jar;C:\Users\HP\.m2\repository\jakarta\activation\jakarta.activation-api\2.1.3\jakarta.activation-api-2.1.3.jar;C:\Users\HP\.m2\repository\net\bytebuddy\byte-buddy\1.17.5\byte-buddy-1.17.5.jar;C:\Users\HP\.m2\repository\org\springframework\boot\spring-boot-starter-web\3.5.0\spring-boot-starter-web-3.5.0.jar;C:\Users\HP\.m2\repository\org\springframework\boot\spring-boot-starter-json\3.5.0\spring-boot-starter-json-3.5.0.jar;C:\Users\HP\.m2\repository\com\fasterxml\jackson\datatype\jackson-datatype-jdk8\2.19.0\jackson-datatype-jdk8-2.19.0.jar;C:\Users\HP\.m2\repository\com\fasterxml\jackson\module\jackson-module-parameter-names\2.19.0\jackson-module-parameter-names-2.19.0.jar;C:\Users\HP\.m2\repository\org\springframework\boot\spring-boot-starter-tomcat\3.5.0\spring-boot-starter-tomcat-3.5.0.jar;C:\Users\HP\.m2\repository\org\apache\tomcat\embed\tomcat-embed-core\10.1.41\tomcat-embed-core-10.1.41.jar;C:\Users\HP\.m2\repository\org\apache\tomcat\embed\tomcat-embed-websocket\10.1.41\tomcat-embed-websocket-10.1.41.jar;C:\Users\HP\.m2\repository\org\springframework\spring-web\6.2.7\spring-web-6.2.7.jar;C:\Users\HP\.m2\repository\org\springframework\spring-beans\6.2.7\spring-beans-6.2.7.jar;C:\Users\HP\.m2\repository\io\micrometer\micrometer-observation\1.15.0\micrometer-observation-1.15.0.jar;C:\Users\HP\.m2\repository\io\micrometer\micrometer-commons\1.15.0\micrometer-commons-1.15.0.jar;C:\Users\HP\.m2\repository\org\springframework\spring-webmvc\6.2.7\spring-webmvc-6.2.7.jar;C:\Users\HP\.m2\repository\org\springframework\spring-expression\6.2.7\spring-expression-6.2.7.jar;C:\Users\HP\.m2\repository\org\springframework\boot\spring-boot-devtools\3.5.0\spring-boot-devtools-3.5.0.jar;C:\Users\HP\.m2\repository\org\postgresql\postgresql\42.7.5\postgresql-42.7.5.jar;C:\Users\HP\.m2\repository\org\checkerframework\checker-qual\3.48.3\checker-qual-3.48.3.jar;C:\Users\HP\.m2\repository\org\flywaydb\flyway-core\11.7.2\flyway-core-11.7.2.jar;C:\Users\HP\.m2\repository\com\fasterxml\jackson\dataformat\jackson-dataformat-toml\2.19.0\jackson-dataformat-toml-2.19.0.jar;C:\Users\HP\.m2\repository\com\fasterxml\jackson\core\jackson-core\2.19.0\jackson-core-2.19.0.jar;C:\Users\HP\.m2\repository\com\fasterxml\jackson\datatype\jackson-datatype-jsr310\2.19.0\jackson-datatype-jsr310-2.19.0.jar;C:\Users\HP\.m2\repository\com\fasterxml\jackson\core\jackson-annotations\2.19.0\jackson-annotations-2.19.0.jar;C:\Users\HP\.m2\repository\org\flywaydb\flyway-database-postgresql\11.7.2\flyway-database-postgresql-11.7.2.jar;C:\Users\HP\.m2\repository\org\springframework\boot\spring-boot-starter-data-jpa\3.5.0\spring-boot-starter-data-jpa-3.5.0.jar;C:\Users\HP\.m2\repository\org\springframework\boot\spring-boot-starter-jdbc\3.5.0\spring-boot-starter-jdbc-3.5.0.jar;C:\Users\HP\.m2\repository\com\zaxxer\HikariCP\6.3.0\HikariCP-6.3.0.jar;C:\Users\HP\.m2\repository\org\springframework\spring-jdbc\6.2.7\spring-jdbc-6.2.7.jar;C:\Users\HP\.m2\repository\org\hibernate\orm\hibernate-core\6.6.15.Final\hibernate-core-6.6.15.Final.jar;C:\Users\HP\.m2\repository\jakarta\persistence\jakarta.persistence-api\3.1.0\jakarta.persistence-api-3.1.0.jar;C:\Users\HP\.m2\repository\jakarta\transaction\jakarta.transaction-api\2.0.1\jakarta.transaction-api-2.0.1.jar;C:\Users\HP\.m2\repository\org\jboss\logging\jboss-logging\3.6.1.Final\jboss-logging-3.6.1.Final.jar;C:\Users\HP\.m2\repository\org\hibernate\common\hibernate-commons-annotations\7.0.3.Final\hibernate-commons-annotations-7.0.3.Final.jar;C:\Users\HP\.m2\repository\io\smallrye\jandex\3.2.0\jandex-3.2.0.jar;C:\Users\HP\.m2\repository\com\fasterxml\classmate\1.7.0\classmate-1.7.0.jar;C:\Users\HP\.m2\repository\org\glassfish\jaxb\jaxb-runtime\4.0.5\jaxb-runtime-4.0.5.jar;C:\Users\HP\.m2\repository\org\glassfish\jaxb\jaxb-core\4.0.5\jaxb-core-4.0.5.jar;C:\Users\HP\.m2\repository\org\eclipse\angus\angus-activation\2.0.2\angus-activation-2.0.2.jar;C:\Users\HP\.m2\repository\org\glassfish\jaxb\txw2\4.0.5\txw2-4.0.5.jar;C:\Users\HP\.m2\repository\com\sun\istack\istack-commons-runtime\4.1.2\istack-commons-runtime-4.1.2.jar;C:\Users\HP\.m2\repository\jakarta\inject\jakarta.inject-api\2.0.1\jakarta.inject-api-2.0.1.jar;C:\Users\HP\.m2\repository\org\antlr\antlr4-runtime\4.13.0\antlr4-runtime-4.13.0.jar;C:\Users\HP\.m2\repository\org\springframework\data\spring-data-jpa\3.5.0\spring-data-jpa-3.5.0.jar;C:\Users\HP\.m2\repository\org\springframework\data\spring-data-commons\3.5.0\spring-data-commons-3.5.0.jar;C:\Users\HP\.m2\repository\org\springframework\spring-orm\6.2.7\spring-orm-6.2.7.jar;C:\Users\HP\.m2\repository\org\springframework\spring-tx\6.2.7\spring-tx-6.2.7.jar;C:\Users\HP\.m2\repository\org\springframework\spring-aspects\6.2.7\spring-aspects-6.2.7.jar;C:\Users\HP\.m2\repository\org\aspectj\aspectjweaver\1.9.24\aspectjweaver-1.9.24.jar;C:\Users\HP\.m2\repository\org\projectlombok\lombok\1.18.38\lombok-1.18.38.jar;C:\Users\HP\.m2\repository\org\springframework\boot\spring-boot-starter-thymeleaf\3.5.0\spring-boot-starter-thymeleaf-3.5.0.jar;C:\Users\HP\.m2\repository\org\thymeleaf\thymeleaf-spring6\3.1.3.RELEASE\thymeleaf-spring6-3.1.3.RELEASE.jar;C:\Users\HP\.m2\repository\org\thymeleaf\thymeleaf\3.1.3.RELEASE\thymeleaf-3.1.3.RELEASE.jar;C:\Users\HP\.m2\repository\org\attoparser\attoparser\2.0.7.RELEASE\attoparser-2.0.7.RELEASE.jar;C:\Users\HP\.m2\repository\org\unbescape\unbescape\1.1.6.RELEASE\unbescape-1.1.6.RELEASE.jar;C:\Users\HP\.m2\repository\org\mapstruct\mapstruct\1.6.3\mapstruct-1.6.3.jar;C:\Users\HP\.m2\repository\org\mapstruct\mapstruct-processor\1.6.3\mapstruct-processor-1.6.3.jar;C:\Users\HP\.m2\repository\org\springframework\boot\spring-boot-starter-validation\3.5.0\spring-boot-starter-validation-3.5.0.jar;C:\Users\HP\.m2\repository\org\apache\tomcat\embed\tomcat-embed-el\10.1.41\tomcat-embed-el-10.1.41.jar;C:\Users\HP\.m2\repository\org\hibernate\validator\hibernate-validator\8.0.2.Final\hibernate-validator-8.0.2.Final.jar;C:\Users\HP\.m2\repository\jakarta\validation\jakarta.validation-api\3.0.2\jakarta.validation-api-3.0.2.jar;C:\Users\HP\.m2\repository\org\springdoc\springdoc-openapi-starter-webmvc-ui\2.8.9\springdoc-openapi-starter-webmvc-ui-2.8.9.jar;C:\Users\HP\.m2\repository\org\springdoc\springdoc-openapi-starter-webmvc-api\2.8.9\springdoc-openapi-starter-webmvc-api-2.8.9.jar;C:\Users\HP\.m2\repository\org\springdoc\springdoc-openapi-starter-common\2.8.9\springdoc-openapi-starter-common-2.8.9.jar;C:\Users\HP\.m2\repository\io\swagger\core\v3\swagger-core-jakarta\2.2.30\swagger-core-jakarta-2.2.30.jar;C:\Users\HP\.m2\repository\org\apache\commons\commons-lang3\3.17.0\commons-lang3-3.17.0.jar;C:\Users\HP\.m2\repository\io\swagger\core\v3\swagger-annotations-jakarta\2.2.30\swagger-annotations-jakarta-2.2.30.jar;C:\Users\HP\.m2\repository\io\swagger\core\v3\swagger-models-jakarta\2.2.30\swagger-models-jakarta-2.2.30.jar;C:\Users\HP\.m2\repository\com\fasterxml\jackson\dataformat\jackson-dataformat-yaml\2.19.0\jackson-dataformat-yaml-2.19.0.jar;C:\Users\HP\.m2\repository\org\webjars\swagger-ui\5.21.0\swagger-ui-5.21.0.jar;C:\Users\HP\.m2\repository\org\webjars\webjars-locator-lite\1.1.0\webjars-locator-lite-1.1.0.jar;C:\Users\HP\.m2\repository\org\jspecify\jspecify\1.0.0\jspecify-1.0.0.jar;C:\Users\HP\.m2\repository\org\springframework\boot\spring-boot-starter-security\3.5.0\spring-boot-starter-security-3.5.0.jar;C:\Users\HP\.m2\repository\org\springframework\spring-aop\6.2.7\spring-aop-6.2.7.jar;C:\Users\HP\.m2\repository\org\springframework\security\spring-security-config\6.5.0\spring-security-config-6.5.0.jar;C:\Users\HP\.m2\repository\org\springframework\security\spring-security-web\6.5.0\spring-security-web-6.5.0.jar;C:\Users\HP\.m2\repository\org\springframework\security\spring-security-core\6.5.0\spring-security-core-6.5.0.jar;C:\Users\HP\.m2\repository\org\springframework\security\spring-security-crypto\6.5.0\spring-security-crypto-6.5.0.jar;C:\Users\HP\.m2\repository\org\thymeleaf\extras\thymeleaf-extras-springsecurity6\3.1.3.RELEASE\thymeleaf-extras-springsecurity6-3.1.3.RELEASE.jar;C:\Users\HP\.m2\repository\org\slf4j\slf4j-api\2.0.17\slf4j-api-2.0.17.jar;C:\Users\HP\.m2\repository\io\jsonwebtoken\jjwt-impl\0.12.6\jjwt-impl-0.12.6.jar;C:\Users\HP\.m2\repository\io\jsonwebtoken\jjwt-jackson\0.12.5\jjwt-jackson-0.12.5.jar;C:\Users\HP\.m2\repository\com\fasterxml\jackson\core\jackson-databind\2.19.0\jackson-databind-2.19.0.jar;C:\Users\HP\.m2\repository\io\jsonwebtoken\jjwt-api\0.12.6\jjwt-api-0.12.6.jar;C:\Users\HP\.m2\repository\me\paulschwarz\spring-dotenv\4.0.0\spring-dotenv-4.0.0.jar;C:\Users\HP\.m2\repository\io\github\cdimascio\dotenv-java\3.0.0\dotenv-java-3.0.0.jar
Launcher Type: SUN_STANDARD

[Global flags]
     intx CICompilerCount                          = 4                                         {product} {ergonomic}
     uint ConcGCThreads                            = 2                                         {product} {ergonomic}
     uint G1ConcRefinementThreads                  = 8                                         {product} {ergonomic}
   size_t G1HeapRegionSize                         = 2097152                                   {product} {ergonomic}
   size_t InitialHeapSize                          = 264241152                                 {product} {ergonomic}
   size_t MarkStackSize                            = 4194304                                   {product} {ergonomic}
   size_t MarkStackSizeMax                         = 536870912                                 {product} {ergonomic}
   size_t MaxHeapSize                              = 4213178368                                {product} {ergonomic}
   size_t MaxNewSize                               = 2527068160                                {product} {ergonomic}
   size_t MinHeapDeltaBytes                        = 2097152                                   {product} {ergonomic}
   size_t MinHeapSize                              = 8388608                                   {product} {ergonomic}
    uintx NonNMethodCodeHeapSize                   = 5832704                                {pd product} {ergonomic}
    uintx NonProfiledCodeHeapSize                  = 122945536                              {pd product} {ergonomic}
    uintx ProfiledCodeHeapSize                     = 122880000                              {pd product} {ergonomic}
    uintx ReservedCodeCacheSize                    = 251658240                              {pd product} {ergonomic}
     bool SegmentedCodeCache                       = true                                      {product} {ergonomic}
   size_t SoftMaxHeapSize                          = 4213178368                             {manageable} {ergonomic}
     bool UseCompressedOops                        = true                           {product lp64_product} {ergonomic}
     bool UseG1GC                                  = true                                      {product} {ergonomic}
     bool UseLargePagesIndividualAllocation        = false                                  {pd product} {ergonomic}

Logging:
Log output configuration:
 #0: stdout all=warning uptime,level,tags foldmultilines=false
 #1: stderr all=off uptime,level,tags foldmultilines=false

Environment Variables:
JAVA_HOME=C:\Program Files\Java\jdk-22
PATH=C:\Program Files\Common Files\Oracle\Java\javapath;C:\WINDOWS\system32;C:\WINDOWS;C:\WINDOWS\System32\Wbem;C:\WINDOWS\System32\WindowsPowerShell\v1.0\;C:\WINDOWS\System32\OpenSSH\;C:\Program Files\nodejs\;C:\Program Files\Git\cmd;C:\ProgramData\chocolatey\bin;C:\Program Files\Java\jdk-22\bin;C:\Program Files\Docker\Docker\resources\bin;C:\Program Files\dotnet\;C:\Program Files\Microsoft Visual Studio\2022\Community\VC\Tools\MSVC\14.44.35207\bin\Hostx64\x64;C:\Users\HP\.console-ninja\.bin;C:\Users\HP\.pyenv\pyenv-win\bin;C:\Users\HP\.pyenv\pyenv-win\shims;C:\Users\HP\AppData\Local\Programs\Python\Python312\Scripts\;C:\Users\HP\AppData\Local\Programs\Python\Python312\;C:\Users\HP\AppData\Local\Programs\Python\Launcher\;C:\Users\HP\AppData\Local\Microsoft\WindowsApps;C:\Users\HP\AppData\Local\Programs\Microsoft VS Code\bin;C:\Program Files\Java\jdk-22\bin;C:\Users\HP\AppData\Roaming\npm;C:\src\flutter\bin;C:\Users\HP\AppData\Local\Pub\Cache\bin;C:\Program Files\JetBrains\DataGrip 2024.3.3\bin;C:\Program Files\PostgreSQL\17\bin\;C:\Program Files\JetBrains\IntelliJ IDEA 2025.1.2\bin;;C:\Users\HP\.dotnet\tools;C:\Users\HP\AppData\Local\Microsoft\WindowsApps;C:\Users\HP\AppData\Local\Google\Cloud SDK\google-cloud-sdk\bin
USERNAME=HP
OS=Windows_NT
PROCESSOR_IDENTIFIER=Intel64 Family 6 Model 140 Stepping 1, GenuineIntel
TMP=C:\Users\HP\AppData\Local\Temp
TEMP=C:\Users\HP\AppData\Local\Temp




Periodic native trim disabled

---------------  S Y S T E M  ---------------

OS:
 Windows 11 , 64 bit Build 26100 (10.0.26100.4484)
OS uptime: 4 days 1:08 hours
Hyper-V role detected

CPU: total 8 (initial active 8) (4 cores per cpu, 2 threads per core) family 6 model 140 stepping 1 microcode 0xba, cx8, cmov, fxsr, ht, mmx, 3dnowpref, sse, sse2, sse3, ssse3, sse4.1, sse4.2, popcnt, lzcnt, tsc, tscinvbit, avx, avx2, aes, erms, clmul, bmi1, bmi2, adx, avx512f, avx512dq, avx512cd, avx512bw, avx512vl, sha, fma, vzeroupper, avx512_vpopcntdq, avx512_vpclmulqdq, avx512_vaes, avx512_vnni, clflush, clflushopt, clwb, avx512_vbmi2, avx512_vbmi, hv, rdtscp, rdpid, fsrm, gfni, avx512_bitalg, f16c, cet_ibt, cet_ss, avx512_ifma
Processor Information for the first 8 processors :
  Max Mhz: 2803, Current Mhz: 2803, Mhz Limit: 2803

Memory: 4k page, system-wide physical 16064M (1215M free)
TotalPageFile size 18594M (AvailPageFile size 9M)
current process WorkingSet (physical memory assigned to process): 91M, peak: 91M
current process commit charge ("private bytes"): 364M, peak: 369M

vm_info: OpenJDK 64-Bit Server VM (24.0.1+9-30) for windows-amd64 JRE (24.0.1+9-30), built on 2025-03-05T07:23:45Z with MS VC++ 17.6 (VS2022)

END.
