#
# There is insufficient memory for the Java Runtime Environment to continue.
# Native memory allocation (malloc) failed to allocate 1254672 bytes. Error detail: Chunk::new
# Possible reasons:
#   The system is out of physical RAM or swap space
#   This process is running with CompressedOops enabled, and the Java Heap may be blocking the growth of the native heap
# Possible solutions:
#   Reduce memory load on the system
#   Increase physical memory or swap space
#   Check if swap backing store is full
#   Decrease Java heap size (-Xmx/-Xms)
#   Decrease number of Java threads
#   Decrease Java thread stack sizes (-Xss)
#   Set larger code cache with -XX:ReservedCodeCacheSize=
#   JVM is running with Zero Based Compressed Oops mode in which the Java heap is
#     placed in the first 32GB address space. The Java Heap base address is the
#     maximum limit for the native heap growth. Please use -XX:HeapBaseMinAddress
#     to set the Java Heap base and to place the Java Heap above 32GB virtual address.
# This output file may be truncated or incomplete.
#
#  Out of Memory Error (arena.cpp:162), pid=1668, tid=4168
#
# JRE version: OpenJDK Runtime Environment (24.0.1+9) (build 24.0.1+9-30)
# Java VM: OpenJDK 64-Bit Server VM (24.0.1+9-30, mixed mode, sharing, tiered, compressed oops, compressed class ptrs, g1 gc, windows-amd64)
# No core dump will be written. Minidumps are not enabled by default on client versions of Windows
#

---------------  S U M M A R Y ------------

Command Line: -javaagent:C:\Program Files\JetBrains\IntelliJ IDEA 2025.1.2\lib\idea_rt.jar=65308 -Dfile.encoding=UTF-8 -Dsun.stdout.encoding=UTF-8 -Dsun.stderr.encoding=UTF-8 com.harrisonmoses.store.StoreApplication

Host: 11th Gen Intel(R) Core(TM) i7-1165G7 @ 2.80GHz, 8 cores, 15G,  Windows 11 , 64 bit Build 26100 (10.0.26100.4484)
Time: Tue Aug 12 22:51:27 2025 E. Africa Standard Time elapsed time: 1.044522 seconds (0d 0h 0m 1s)

---------------  T H R E A D  ---------------

Current thread (0x000002ac732c49e0):  JavaThread "C2 CompilerThread2" daemon [_thread_in_native, id=4168, stack(0x000000ca3f400000,0x000000ca3f500000) (1024K)]


Current CompileTask:
C2:1044 1725       4       jdk.internal.classfile.impl.SplitConstantPool::tryFindUtf8 (103 bytes)

Stack: [0x000000ca3f400000,0x000000ca3f500000]
Native frames: (J=compiled Java code, j=interpreted, Vv=VM code, C=native code)
V  [jvm.dll+0x730739]  (no source info available)
V  [jvm.dll+0x8d9b23]  (no source info available)
V  [jvm.dll+0x8dc00d]  (no source info available)
V  [jvm.dll+0x8dc683]  (no source info available)
V  [jvm.dll+0x2aa086]  (no source info available)
V  [jvm.dll+0xcedef]  (no source info available)
V  [jvm.dll+0xcf04f]  (no source info available)
V  [jvm.dll+0x154d83]  (no source info available)
V  [jvm.dll+0x735f5f]  (no source info available)
V  [jvm.dll+0x26fa1c]  (no source info available)
V  [jvm.dll+0x26ea3f]  (no source info available)
V  [jvm.dll+0x1e9d60]  (no source info available)
V  [jvm.dll+0x27e1fb]  (no source info available)
V  [jvm.dll+0x27c49a]  (no source info available)
V  [jvm.dll+0x42f456]  (no source info available)
V  [jvm.dll+0x87d76b]  (no source info available)
V  [jvm.dll+0x72ee55]  (no source info available)
C  [ucrtbase.dll+0x37b0]  (no source info available)
C  [KERNEL32.DLL+0x2e8d7]  (no source info available)
C  [ntdll.dll+0x3c34c]  (no source info available)

Lock stack of current Java thread (top to bottom):


---------------  P R O C E S S  ---------------

Threads class SMR info:
_java_thread_list=0x000002ac745f1d20, length=20, elements={
0x000002ac0c210610, 0x000002ac2d787ce0, 0x000002ac2d788620, 0x000002ac2d78b450,
0x000002ac2d78e820, 0x000002ac73000560, 0x000002ac730012b0, 0x000002ac73003210,
0x000002ac730077b0, 0x000002ac731d25b0, 0x000002ac732c6090, 0x000002ac735c4000,
0x000002ac735c49f0, 0x000002ac732c49e0, 0x000002ac741a78d0, 0x000002ac743b84f0,
0x000002ac7430de10, 0x000002ac741a3dd0, 0x000002ac745f3a90, 0x000002ac745f85a0
}

Java Threads: ( => current thread )
  0x000002ac0c210610 JavaThread "main"                              [_thread_blocked, id=5024, stack(0x000000ca3e000000,0x000000ca3e100000) (1024K)]
  0x000002ac2d787ce0 JavaThread "Reference Handler"          daemon [_thread_blocked, id=3180, stack(0x000000ca3e800000,0x000000ca3e900000) (1024K)]
  0x000002ac2d788620 JavaThread "Finalizer"                  daemon [_thread_blocked, id=14536, stack(0x000000ca3e900000,0x000000ca3ea00000) (1024K)]
  0x000002ac2d78b450 JavaThread "Signal Dispatcher"          daemon [_thread_blocked, id=7172, stack(0x000000ca3ea00000,0x000000ca3eb00000) (1024K)]
  0x000002ac2d78e820 JavaThread "Attach Listener"            daemon [_thread_blocked, id=1428, stack(0x000000ca3eb00000,0x000000ca3ec00000) (1024K)]
  0x000002ac73000560 JavaThread "Service Thread"             daemon [_thread_blocked, id=13476, stack(0x000000ca3ec00000,0x000000ca3ed00000) (1024K)]
  0x000002ac730012b0 JavaThread "Monitor Deflation Thread"   daemon [_thread_blocked, id=9108, stack(0x000000ca3ed00000,0x000000ca3ee00000) (1024K)]
  0x000002ac73003210 JavaThread "C2 CompilerThread0"         daemon [_thread_in_native, id=4024, stack(0x000000ca3ee00000,0x000000ca3ef00000) (1024K)]
  0x000002ac730077b0 JavaThread "C1 CompilerThread0"         daemon [_thread_blocked, id=10896, stack(0x000000ca3ef00000,0x000000ca3f000000) (1024K)]
  0x000002ac731d25b0 JavaThread "Common-Cleaner"             daemon [_thread_blocked, id=20584, stack(0x000000ca3f000000,0x000000ca3f100000) (1024K)]
  0x000002ac732c6090 JavaThread "C2 CompilerThread1"         daemon [_thread_in_native, id=8092, stack(0x000000ca3f100000,0x000000ca3f200000) (1024K)]
  0x000002ac735c4000 JavaThread "Monitor Ctrl-Break"         daemon [_thread_in_native, id=1812, stack(0x000000ca3f200000,0x000000ca3f300000) (1024K)]
  0x000002ac735c49f0 JavaThread "Notification Thread"        daemon [_thread_blocked, id=21304, stack(0x000000ca3f300000,0x000000ca3f400000) (1024K)]
=>0x000002ac732c49e0 JavaThread "C2 CompilerThread2"         daemon [_thread_in_native, id=4168, stack(0x000000ca3f400000,0x000000ca3f500000) (1024K)]
  0x000002ac741a78d0 JavaThread "RMI TCP Accept-0"           daemon [_thread_in_native, id=4964, stack(0x000000ca3f500000,0x000000ca3f600000) (1024K)]
  0x000002ac743b84f0 JavaThread "Thread-0"                          [_thread_blocked, id=13936, stack(0x000000ca3f600000,0x000000ca3f700000) (1024K)]
  0x000002ac7430de10 JavaThread "restartedMain"                     [_thread_in_native, id=15936, stack(0x000000ca3f700000,0x000000ca3f800000) (1024K)]
  0x000002ac741a3dd0 JavaThread "RMI TCP Connection(1)-192.168.1.85" daemon [_thread_in_native, id=10660, stack(0x000000ca3f800000,0x000000ca3f900000) (1024K)]
  0x000002ac745f3a90 JavaThread "RMI Scheduler(0)"           daemon [_thread_blocked, id=20544, stack(0x000000ca3f900000,0x000000ca3fa00000) (1024K)]
  0x000002ac745f85a0 JavaThread "JMX server connection timeout 34" daemon [_thread_blocked, id=16456, stack(0x000000ca3fa00000,0x000000ca3fb00000) (1024K)]
Total: 20

Other Threads:
  0x000002ac2d777f60 VMThread "VM Thread"                           [id=11492, stack(0x000000ca3e700000,0x000000ca3e800000) (1024K)]
  0x000002ac2d767380 WatcherThread "VM Periodic Task Thread"        [id=13376, stack(0x000000ca3e600000,0x000000ca3e700000) (1024K)]
  0x000002ac0e6d1aa0 WorkerThread "GC Thread#0"                     [id=16288, stack(0x000000ca3e100000,0x000000ca3e200000) (1024K)]
  0x000002ac0e6e64c0 ConcurrentGCThread "G1 Main Marker"            [id=18184, stack(0x000000ca3e200000,0x000000ca3e300000) (1024K)]
  0x000002ac0e6e6fd0 WorkerThread "G1 Conc#0"                       [id=10300, stack(0x000000ca3e300000,0x000000ca3e400000) (1024K)]
  0x000002ac0e71e730 ConcurrentGCThread "G1 Refine#0"               [id=2460, stack(0x000000ca3e400000,0x000000ca3e500000) (1024K)]
  0x000002ac2d6273f0 ConcurrentGCThread "G1 Service"                [id=4564, stack(0x000000ca3e500000,0x000000ca3e600000) (1024K)]
Total: 7

Threads with active compile tasks:
C2 CompilerThread0  1103 1801       4       java.lang.String::regionMatches (150 bytes)
C2 CompilerThread1  1103 1806       4       java.lang.String::<init> (98 bytes)
C2 CompilerThread2  1103 1725       4       jdk.internal.classfile.impl.SplitConstantPool::tryFindUtf8 (103 bytes)
Total: 3

VM state: not at safepoint (normal execution)

VM Mutex/Monitor currently owned by a thread: None

Heap address: 0x0000000704e00000, size: 4018 MB, Compressed Oops mode: Zero based, Oop shift amount: 3

CDS archive(s) mapped at: [0x000002ac2e000000-0x000002ac2ed40000-0x000002ac2ed40000), size 13893632, SharedBaseAddress: 0x000002ac2e000000, ArchiveRelocationMode: 1.
Compressed class space mapped at: 0x000002ac2f000000-0x000002ac6f000000, reserved size: 1073741824
UseCompressedClassPointers 1, UseCompactObjectHeaders 0
Narrow klass pointer bits 32, Max shift 3
Narrow klass base: 0x000002ac2e000000, Narrow klass shift: 0
Encoding Range: [0x000002ac2e000000 - 0x000002ad2e000000), (4294967296 bytes)
Klass Range:    [0x000002ac2e000000 - 0x000002ac6f000000), (1090519040 bytes)
Klass ID Range:  [8 - 1090519033) (1090519025)

GC Precious Log:
 CardTable entry size: 512
 Card Set container configuration: InlinePtr #cards 4 size 8 Array Of Cards #cards 16 size 48 Howl #buckets 8 coarsen threshold 3686 Howl Bitmap #cards 512 size 80 coarsen threshold 460 Card regions per heap region 1 cards per card region 4096
 CPUs: 8 total, 8 available
 Memory: 16064M
 Large Page Support: Disabled
 NUMA Support: Disabled
 Compressed Oops: Enabled (Zero based)
 Heap Region Size: 2M
 Heap Min Capacity: 8M
 Heap Initial Capacity: 252M
 Heap Max Capacity: 4018M
 Pre-touch: Disabled
 Parallel Workers: 8
 Concurrent Workers: 2
 Concurrent Refinement Workers: 8
 Periodic GC: Disabled

Heap:
 garbage-first heap   total reserved 4114432K, committed 260096K, used 40048K [0x0000000704e00000, 0x0000000800000000)
  region size 2048K, 21 young (43008K), 0 survivors (0K)
 Metaspace       used 10280K, committed 10560K, reserved 1114112K
  class space    used 953K, committed 1088K, reserved 1048576K

Heap Regions: E=young(eden), S=young(survivor), O=old, HS=humongous(starts), HC=humongous(continues), CS=collection set, F=free, TAMS=top-at-mark-start, PB=parsable bottom
|   0|0x0000000704e00000, 0x0000000704e00000, 0x0000000705000000|  0%| F|  |TAMS 0x0000000704e00000| PB 0x0000000704e00000| Untracked |  0
|   1|0x0000000705000000, 0x0000000705000000, 0x0000000705200000|  0%| F|  |TAMS 0x0000000705000000| PB 0x0000000705000000| Untracked |  0
|   2|0x0000000705200000, 0x0000000705200000, 0x0000000705400000|  0%| F|  |TAMS 0x0000000705200000| PB 0x0000000705200000| Untracked |  0
|   3|0x0000000705400000, 0x0000000705400000, 0x0000000705600000|  0%| F|  |TAMS 0x0000000705400000| PB 0x0000000705400000| Untracked |  0
|   4|0x0000000705600000, 0x0000000705600000, 0x0000000705800000|  0%| F|  |TAMS 0x0000000705600000| PB 0x0000000705600000| Untracked |  0
|   5|0x0000000705800000, 0x0000000705800000, 0x0000000705a00000|  0%| F|  |TAMS 0x0000000705800000| PB 0x0000000705800000| Untracked |  0
|   6|0x0000000705a00000, 0x0000000705a00000, 0x0000000705c00000|  0%| F|  |TAMS 0x0000000705a00000| PB 0x0000000705a00000| Untracked |  0
|   7|0x0000000705c00000, 0x0000000705c00000, 0x0000000705e00000|  0%| F|  |TAMS 0x0000000705c00000| PB 0x0000000705c00000| Untracked |  0
|   8|0x0000000705e00000, 0x0000000705e00000, 0x0000000706000000|  0%| F|  |TAMS 0x0000000705e00000| PB 0x0000000705e00000| Untracked |  0
|   9|0x0000000706000000, 0x0000000706000000, 0x0000000706200000|  0%| F|  |TAMS 0x0000000706000000| PB 0x0000000706000000| Untracked |  0
|  10|0x0000000706200000, 0x0000000706200000, 0x0000000706400000|  0%| F|  |TAMS 0x0000000706200000| PB 0x0000000706200000| Untracked |  0
|  11|0x0000000706400000, 0x0000000706400000, 0x0000000706600000|  0%| F|  |TAMS 0x0000000706400000| PB 0x0000000706400000| Untracked |  0
|  12|0x0000000706600000, 0x0000000706600000, 0x0000000706800000|  0%| F|  |TAMS 0x0000000706600000| PB 0x0000000706600000| Untracked |  0
|  13|0x0000000706800000, 0x0000000706800000, 0x0000000706a00000|  0%| F|  |TAMS 0x0000000706800000| PB 0x0000000706800000| Untracked |  0
|  14|0x0000000706a00000, 0x0000000706a00000, 0x0000000706c00000|  0%| F|  |TAMS 0x0000000706a00000| PB 0x0000000706a00000| Untracked |  0
|  15|0x0000000706c00000, 0x0000000706c00000, 0x0000000706e00000|  0%| F|  |TAMS 0x0000000706c00000| PB 0x0000000706c00000| Untracked |  0
|  16|0x0000000706e00000, 0x0000000706e00000, 0x0000000707000000|  0%| F|  |TAMS 0x0000000706e00000| PB 0x0000000706e00000| Untracked |  0
|  17|0x0000000707000000, 0x0000000707000000, 0x0000000707200000|  0%| F|  |TAMS 0x0000000707000000| PB 0x0000000707000000| Untracked |  0
|  18|0x0000000707200000, 0x0000000707200000, 0x0000000707400000|  0%| F|  |TAMS 0x0000000707200000| PB 0x0000000707200000| Untracked |  0
|  19|0x0000000707400000, 0x0000000707400000, 0x0000000707600000|  0%| F|  |TAMS 0x0000000707400000| PB 0x0000000707400000| Untracked |  0
|  20|0x0000000707600000, 0x0000000707600000, 0x0000000707800000|  0%| F|  |TAMS 0x0000000707600000| PB 0x0000000707600000| Untracked |  0
|  21|0x0000000707800000, 0x0000000707800000, 0x0000000707a00000|  0%| F|  |TAMS 0x0000000707800000| PB 0x0000000707800000| Untracked |  0
|  22|0x0000000707a00000, 0x0000000707a00000, 0x0000000707c00000|  0%| F|  |TAMS 0x0000000707a00000| PB 0x0000000707a00000| Untracked |  0
|  23|0x0000000707c00000, 0x0000000707c00000, 0x0000000707e00000|  0%| F|  |TAMS 0x0000000707c00000| PB 0x0000000707c00000| Untracked |  0
|  24|0x0000000707e00000, 0x0000000707e00000, 0x0000000708000000|  0%| F|  |TAMS 0x0000000707e00000| PB 0x0000000707e00000| Untracked |  0
|  25|0x0000000708000000, 0x0000000708000000, 0x0000000708200000|  0%| F|  |TAMS 0x0000000708000000| PB 0x0000000708000000| Untracked |  0
|  26|0x0000000708200000, 0x0000000708200000, 0x0000000708400000|  0%| F|  |TAMS 0x0000000708200000| PB 0x0000000708200000| Untracked |  0
|  27|0x0000000708400000, 0x0000000708400000, 0x0000000708600000|  0%| F|  |TAMS 0x0000000708400000| PB 0x0000000708400000| Untracked |  0
|  28|0x0000000708600000, 0x0000000708600000, 0x0000000708800000|  0%| F|  |TAMS 0x0000000708600000| PB 0x0000000708600000| Untracked |  0
|  29|0x0000000708800000, 0x0000000708800000, 0x0000000708a00000|  0%| F|  |TAMS 0x0000000708800000| PB 0x0000000708800000| Untracked |  0
|  30|0x0000000708a00000, 0x0000000708a00000, 0x0000000708c00000|  0%| F|  |TAMS 0x0000000708a00000| PB 0x0000000708a00000| Untracked |  0
|  31|0x0000000708c00000, 0x0000000708c00000, 0x0000000708e00000|  0%| F|  |TAMS 0x0000000708c00000| PB 0x0000000708c00000| Untracked |  0
|  32|0x0000000708e00000, 0x0000000708e00000, 0x0000000709000000|  0%| F|  |TAMS 0x0000000708e00000| PB 0x0000000708e00000| Untracked |  0
|  33|0x0000000709000000, 0x0000000709000000, 0x0000000709200000|  0%| F|  |TAMS 0x0000000709000000| PB 0x0000000709000000| Untracked |  0
|  34|0x0000000709200000, 0x0000000709200000, 0x0000000709400000|  0%| F|  |TAMS 0x0000000709200000| PB 0x0000000709200000| Untracked |  0
|  35|0x0000000709400000, 0x0000000709400000, 0x0000000709600000|  0%| F|  |TAMS 0x0000000709400000| PB 0x0000000709400000| Untracked |  0
|  36|0x0000000709600000, 0x0000000709600000, 0x0000000709800000|  0%| F|  |TAMS 0x0000000709600000| PB 0x0000000709600000| Untracked |  0
|  37|0x0000000709800000, 0x0000000709800000, 0x0000000709a00000|  0%| F|  |TAMS 0x0000000709800000| PB 0x0000000709800000| Untracked |  0
|  38|0x0000000709a00000, 0x0000000709a00000, 0x0000000709c00000|  0%| F|  |TAMS 0x0000000709a00000| PB 0x0000000709a00000| Untracked |  0
|  39|0x0000000709c00000, 0x0000000709c00000, 0x0000000709e00000|  0%| F|  |TAMS 0x0000000709c00000| PB 0x0000000709c00000| Untracked |  0
|  40|0x0000000709e00000, 0x0000000709e00000, 0x000000070a000000|  0%| F|  |TAMS 0x0000000709e00000| PB 0x0000000709e00000| Untracked |  0
|  41|0x000000070a000000, 0x000000070a000000, 0x000000070a200000|  0%| F|  |TAMS 0x000000070a000000| PB 0x000000070a000000| Untracked |  0
|  42|0x000000070a200000, 0x000000070a200000, 0x000000070a400000|  0%| F|  |TAMS 0x000000070a200000| PB 0x000000070a200000| Untracked |  0
|  43|0x000000070a400000, 0x000000070a400000, 0x000000070a600000|  0%| F|  |TAMS 0x000000070a400000| PB 0x000000070a400000| Untracked |  0
|  44|0x000000070a600000, 0x000000070a600000, 0x000000070a800000|  0%| F|  |TAMS 0x000000070a600000| PB 0x000000070a600000| Untracked |  0
|  45|0x000000070a800000, 0x000000070a800000, 0x000000070aa00000|  0%| F|  |TAMS 0x000000070a800000| PB 0x000000070a800000| Untracked |  0
|  46|0x000000070aa00000, 0x000000070aa00000, 0x000000070ac00000|  0%| F|  |TAMS 0x000000070aa00000| PB 0x000000070aa00000| Untracked |  0
|  47|0x000000070ac00000, 0x000000070ac00000, 0x000000070ae00000|  0%| F|  |TAMS 0x000000070ac00000| PB 0x000000070ac00000| Untracked |  0
|  48|0x000000070ae00000, 0x000000070ae00000, 0x000000070b000000|  0%| F|  |TAMS 0x000000070ae00000| PB 0x000000070ae00000| Untracked |  0
|  49|0x000000070b000000, 0x000000070b000000, 0x000000070b200000|  0%| F|  |TAMS 0x000000070b000000| PB 0x000000070b000000| Untracked |  0
|  50|0x000000070b200000, 0x000000070b200000, 0x000000070b400000|  0%| F|  |TAMS 0x000000070b200000| PB 0x000000070b200000| Untracked |  0
|  51|0x000000070b400000, 0x000000070b400000, 0x000000070b600000|  0%| F|  |TAMS 0x000000070b400000| PB 0x000000070b400000| Untracked |  0
|  52|0x000000070b600000, 0x000000070b600000, 0x000000070b800000|  0%| F|  |TAMS 0x000000070b600000| PB 0x000000070b600000| Untracked |  0
|  53|0x000000070b800000, 0x000000070b800000, 0x000000070ba00000|  0%| F|  |TAMS 0x000000070b800000| PB 0x000000070b800000| Untracked |  0
|  54|0x000000070ba00000, 0x000000070ba00000, 0x000000070bc00000|  0%| F|  |TAMS 0x000000070ba00000| PB 0x000000070ba00000| Untracked |  0
|  55|0x000000070bc00000, 0x000000070bc00000, 0x000000070be00000|  0%| F|  |TAMS 0x000000070bc00000| PB 0x000000070bc00000| Untracked |  0
|  56|0x000000070be00000, 0x000000070be00000, 0x000000070c000000|  0%| F|  |TAMS 0x000000070be00000| PB 0x000000070be00000| Untracked |  0
|  57|0x000000070c000000, 0x000000070c000000, 0x000000070c200000|  0%| F|  |TAMS 0x000000070c000000| PB 0x000000070c000000| Untracked |  0
|  58|0x000000070c200000, 0x000000070c200000, 0x000000070c400000|  0%| F|  |TAMS 0x000000070c200000| PB 0x000000070c200000| Untracked |  0
|  59|0x000000070c400000, 0x000000070c400000, 0x000000070c600000|  0%| F|  |TAMS 0x000000070c400000| PB 0x000000070c400000| Untracked |  0
|  60|0x000000070c600000, 0x000000070c600000, 0x000000070c800000|  0%| F|  |TAMS 0x000000070c600000| PB 0x000000070c600000| Untracked |  0
|  61|0x000000070c800000, 0x000000070c800000, 0x000000070ca00000|  0%| F|  |TAMS 0x000000070c800000| PB 0x000000070c800000| Untracked |  0
|  62|0x000000070ca00000, 0x000000070ca00000, 0x000000070cc00000|  0%| F|  |TAMS 0x000000070ca00000| PB 0x000000070ca00000| Untracked |  0
|  63|0x000000070cc00000, 0x000000070cc00000, 0x000000070ce00000|  0%| F|  |TAMS 0x000000070cc00000| PB 0x000000070cc00000| Untracked |  0
|  64|0x000000070ce00000, 0x000000070ce00000, 0x000000070d000000|  0%| F|  |TAMS 0x000000070ce00000| PB 0x000000070ce00000| Untracked |  0
|  65|0x000000070d000000, 0x000000070d000000, 0x000000070d200000|  0%| F|  |TAMS 0x000000070d000000| PB 0x000000070d000000| Untracked |  0
|  66|0x000000070d200000, 0x000000070d200000, 0x000000070d400000|  0%| F|  |TAMS 0x000000070d200000| PB 0x000000070d200000| Untracked |  0
|  67|0x000000070d400000, 0x000000070d400000, 0x000000070d600000|  0%| F|  |TAMS 0x000000070d400000| PB 0x000000070d400000| Untracked |  0
|  68|0x000000070d600000, 0x000000070d600000, 0x000000070d800000|  0%| F|  |TAMS 0x000000070d600000| PB 0x000000070d600000| Untracked |  0
|  69|0x000000070d800000, 0x000000070d800000, 0x000000070da00000|  0%| F|  |TAMS 0x000000070d800000| PB 0x000000070d800000| Untracked |  0
|  70|0x000000070da00000, 0x000000070da00000, 0x000000070dc00000|  0%| F|  |TAMS 0x000000070da00000| PB 0x000000070da00000| Untracked |  0
|  71|0x000000070dc00000, 0x000000070dc00000, 0x000000070de00000|  0%| F|  |TAMS 0x000000070dc00000| PB 0x000000070dc00000| Untracked |  0
|  72|0x000000070de00000, 0x000000070de00000, 0x000000070e000000|  0%| F|  |TAMS 0x000000070de00000| PB 0x000000070de00000| Untracked |  0
|  73|0x000000070e000000, 0x000000070e000000, 0x000000070e200000|  0%| F|  |TAMS 0x000000070e000000| PB 0x000000070e000000| Untracked |  0
|  74|0x000000070e200000, 0x000000070e200000, 0x000000070e400000|  0%| F|  |TAMS 0x000000070e200000| PB 0x000000070e200000| Untracked |  0
|  75|0x000000070e400000, 0x000000070e400000, 0x000000070e600000|  0%| F|  |TAMS 0x000000070e400000| PB 0x000000070e400000| Untracked |  0
|  76|0x000000070e600000, 0x000000070e600000, 0x000000070e800000|  0%| F|  |TAMS 0x000000070e600000| PB 0x000000070e600000| Untracked |  0
|  77|0x000000070e800000, 0x000000070e800000, 0x000000070ea00000|  0%| F|  |TAMS 0x000000070e800000| PB 0x000000070e800000| Untracked |  0
|  78|0x000000070ea00000, 0x000000070ea00000, 0x000000070ec00000|  0%| F|  |TAMS 0x000000070ea00000| PB 0x000000070ea00000| Untracked |  0
|  79|0x000000070ec00000, 0x000000070ec00000, 0x000000070ee00000|  0%| F|  |TAMS 0x000000070ec00000| PB 0x000000070ec00000| Untracked |  0
|  80|0x000000070ee00000, 0x000000070ee00000, 0x000000070f000000|  0%| F|  |TAMS 0x000000070ee00000| PB 0x000000070ee00000| Untracked |  0
|  81|0x000000070f000000, 0x000000070f000000, 0x000000070f200000|  0%| F|  |TAMS 0x000000070f000000| PB 0x000000070f000000| Untracked |  0
|  82|0x000000070f200000, 0x000000070f200000, 0x000000070f400000|  0%| F|  |TAMS 0x000000070f200000| PB 0x000000070f200000| Untracked |  0
|  83|0x000000070f400000, 0x000000070f400000, 0x000000070f600000|  0%| F|  |TAMS 0x000000070f400000| PB 0x000000070f400000| Untracked |  0
|  84|0x000000070f600000, 0x000000070f600000, 0x000000070f800000|  0%| F|  |TAMS 0x000000070f600000| PB 0x000000070f600000| Untracked |  0
|  85|0x000000070f800000, 0x000000070f800000, 0x000000070fa00000|  0%| F|  |TAMS 0x000000070f800000| PB 0x000000070f800000| Untracked |  0
|  86|0x000000070fa00000, 0x000000070fa00000, 0x000000070fc00000|  0%| F|  |TAMS 0x000000070fa00000| PB 0x000000070fa00000| Untracked |  0
|  87|0x000000070fc00000, 0x000000070fc00000, 0x000000070fe00000|  0%| F|  |TAMS 0x000000070fc00000| PB 0x000000070fc00000| Untracked |  0
|  88|0x000000070fe00000, 0x000000070fe00000, 0x0000000710000000|  0%| F|  |TAMS 0x000000070fe00000| PB 0x000000070fe00000| Untracked |  0
|  89|0x0000000710000000, 0x0000000710000000, 0x0000000710200000|  0%| F|  |TAMS 0x0000000710000000| PB 0x0000000710000000| Untracked |  0
|  90|0x0000000710200000, 0x0000000710200000, 0x0000000710400000|  0%| F|  |TAMS 0x0000000710200000| PB 0x0000000710200000| Untracked |  0
|  91|0x0000000710400000, 0x0000000710400000, 0x0000000710600000|  0%| F|  |TAMS 0x0000000710400000| PB 0x0000000710400000| Untracked |  0
|  92|0x0000000710600000, 0x0000000710600000, 0x0000000710800000|  0%| F|  |TAMS 0x0000000710600000| PB 0x0000000710600000| Untracked |  0
|  93|0x0000000710800000, 0x0000000710800000, 0x0000000710a00000|  0%| F|  |TAMS 0x0000000710800000| PB 0x0000000710800000| Untracked |  0
|  94|0x0000000710a00000, 0x0000000710a00000, 0x0000000710c00000|  0%| F|  |TAMS 0x0000000710a00000| PB 0x0000000710a00000| Untracked |  0
|  95|0x0000000710c00000, 0x0000000710c00000, 0x0000000710e00000|  0%| F|  |TAMS 0x0000000710c00000| PB 0x0000000710c00000| Untracked |  0
|  96|0x0000000710e00000, 0x0000000710e00000, 0x0000000711000000|  0%| F|  |TAMS 0x0000000710e00000| PB 0x0000000710e00000| Untracked |  0
|  97|0x0000000711000000, 0x0000000711000000, 0x0000000711200000|  0%| F|  |TAMS 0x0000000711000000| PB 0x0000000711000000| Untracked |  0
|  98|0x0000000711200000, 0x0000000711200000, 0x0000000711400000|  0%| F|  |TAMS 0x0000000711200000| PB 0x0000000711200000| Untracked |  0
|  99|0x0000000711400000, 0x0000000711400000, 0x0000000711600000|  0%| F|  |TAMS 0x0000000711400000| PB 0x0000000711400000| Untracked |  0
| 100|0x0000000711600000, 0x0000000711600000, 0x0000000711800000|  0%| F|  |TAMS 0x0000000711600000| PB 0x0000000711600000| Untracked |  0
| 101|0x0000000711800000, 0x0000000711800000, 0x0000000711a00000|  0%| F|  |TAMS 0x0000000711800000| PB 0x0000000711800000| Untracked |  0
| 102|0x0000000711a00000, 0x0000000711a00000, 0x0000000711c00000|  0%| F|  |TAMS 0x0000000711a00000| PB 0x0000000711a00000| Untracked |  0
| 103|0x0000000711c00000, 0x0000000711c00000, 0x0000000711e00000|  0%| F|  |TAMS 0x0000000711c00000| PB 0x0000000711c00000| Untracked |  0
| 104|0x0000000711e00000, 0x0000000711e00000, 0x0000000712000000|  0%| F|  |TAMS 0x0000000711e00000| PB 0x0000000711e00000| Untracked |  0
| 105|0x0000000712000000, 0x00000007121eb9a0, 0x0000000712200000| 96%| E|  |TAMS 0x0000000712000000| PB 0x0000000712000000| Complete |  0
| 106|0x0000000712200000, 0x0000000712400000, 0x0000000712400000|100%| E|CS|TAMS 0x0000000712200000| PB 0x0000000712200000| Complete |  0
| 107|0x0000000712400000, 0x0000000712600000, 0x0000000712600000|100%| E|CS|TAMS 0x0000000712400000| PB 0x0000000712400000| Complete |  0
| 108|0x0000000712600000, 0x0000000712800000, 0x0000000712800000|100%| E|CS|TAMS 0x0000000712600000| PB 0x0000000712600000| Complete |  0
| 109|0x0000000712800000, 0x0000000712a00000, 0x0000000712a00000|100%| E|CS|TAMS 0x0000000712800000| PB 0x0000000712800000| Complete |  0
| 110|0x0000000712a00000, 0x0000000712c00000, 0x0000000712c00000|100%| E|CS|TAMS 0x0000000712a00000| PB 0x0000000712a00000| Complete |  0
| 111|0x0000000712c00000, 0x0000000712e00000, 0x0000000712e00000|100%| E|CS|TAMS 0x0000000712c00000| PB 0x0000000712c00000| Complete |  0
| 112|0x0000000712e00000, 0x0000000713000000, 0x0000000713000000|100%| E|CS|TAMS 0x0000000712e00000| PB 0x0000000712e00000| Complete |  0
| 113|0x0000000713000000, 0x0000000713200000, 0x0000000713200000|100%| E|CS|TAMS 0x0000000713000000| PB 0x0000000713000000| Complete |  0
| 114|0x0000000713200000, 0x0000000713400000, 0x0000000713400000|100%| E|CS|TAMS 0x0000000713200000| PB 0x0000000713200000| Complete |  0
| 115|0x0000000713400000, 0x0000000713600000, 0x0000000713600000|100%| E|CS|TAMS 0x0000000713400000| PB 0x0000000713400000| Complete |  0
| 116|0x0000000713600000, 0x0000000713800000, 0x0000000713800000|100%| E|CS|TAMS 0x0000000713600000| PB 0x0000000713600000| Complete |  0
| 117|0x0000000713800000, 0x0000000713a00000, 0x0000000713a00000|100%| E|CS|TAMS 0x0000000713800000| PB 0x0000000713800000| Complete |  0
| 118|0x0000000713a00000, 0x0000000713c00000, 0x0000000713c00000|100%| E|CS|TAMS 0x0000000713a00000| PB 0x0000000713a00000| Complete |  0
| 119|0x0000000713c00000, 0x0000000713e00000, 0x0000000713e00000|100%| E|CS|TAMS 0x0000000713c00000| PB 0x0000000713c00000| Complete |  0
| 120|0x0000000713e00000, 0x0000000714000000, 0x0000000714000000|100%| E|CS|TAMS 0x0000000713e00000| PB 0x0000000713e00000| Complete |  0
| 121|0x0000000714000000, 0x0000000714200000, 0x0000000714200000|100%| E|CS|TAMS 0x0000000714000000| PB 0x0000000714000000| Complete |  0
| 122|0x0000000714200000, 0x0000000714400000, 0x0000000714400000|100%| E|  |TAMS 0x0000000714200000| PB 0x0000000714200000| Complete |  0
| 123|0x0000000714400000, 0x0000000714600000, 0x0000000714600000|100%| E|CS|TAMS 0x0000000714400000| PB 0x0000000714400000| Complete |  0
| 124|0x0000000714600000, 0x0000000714800000, 0x0000000714800000|100%| E|CS|TAMS 0x0000000714600000| PB 0x0000000714600000| Complete |  0
| 125|0x0000000714800000, 0x0000000714a00000, 0x0000000714a00000|100%| E|CS|TAMS 0x0000000714800000| PB 0x0000000714800000| Complete |  0
|2008|0x00000007ffe00000, 0x00000007fff1c288, 0x0000000800000000| 55%| O|  |TAMS 0x00000007ffe00000| PB 0x00000007ffe00000| Untracked |  0

Card table byte_map: [0x000002ac26b20000,0x000002ac27300000] _byte_map_base: 0x000002ac232f9000

Marking Bits: (CMBitMap*) 0x000002ac0e6d21b0
 Bits: [0x000002ac27300000, 0x000002ac2b1c8000)

Polling page: 0x000002ac0c4d0000

Metaspace:

Usage:
  Non-class:      9.11 MB used.
      Class:    953.85 KB used.
       Both:     10.04 MB used.

Virtual space:
  Non-class space:       64.00 MB reserved,       9.25 MB ( 14%) committed,  1 nodes.
      Class space:        1.00 GB reserved,       1.06 MB ( <1%) committed,  1 nodes.
             Both:        1.06 GB reserved,      10.31 MB ( <1%) committed. 

Chunk freelists:
   Non-Class:  6.47 MB
       Class:  14.97 MB
        Both:  21.44 MB

MaxMetaspaceSize: unlimited
CompressedClassSpaceSize: 1.00 GB
Initial GC threshold: 21.00 MB
Current GC threshold: 21.00 MB
CDS: on
 - commit_granule_bytes: 65536.
 - commit_granule_words: 8192.
 - virtual_space_node_default_size: 8388608.
 - enlarge_chunks_in_place: 1.
UseCompressedClassPointers 1, UseCompactObjectHeaders 0
Narrow klass pointer bits 32, Max shift 3
Narrow klass base: 0x000002ac2e000000, Narrow klass shift: 0
Encoding Range: [0x000002ac2e000000 - 0x000002ad2e000000), (4294967296 bytes)
Klass Range:    [0x000002ac2e000000 - 0x000002ac6f000000), (1090519040 bytes)
Klass ID Range:  [8 - 1090519033) (1090519025)


Internal statistics:

num_allocs_failed_limit: 0.
num_arena_births: 188.
num_arena_deaths: 0.
num_vsnodes_births: 2.
num_vsnodes_deaths: 0.
num_space_committed: 165.
num_space_uncommitted: 0.
num_chunks_returned_to_freelist: 0.
num_chunks_taken_from_freelist: 394.
num_chunk_merges: 0.
num_chunk_splits: 229.
num_chunks_enlarged: 140.
num_inconsistent_stats: 0.

CodeHeap 'non-profiled nmethods': size=120064Kb used=601Kb max_used=601Kb free=119462Kb
 bounds [0x000002ac1e9c0000, 0x000002ac1ec30000, 0x000002ac25f00000]
CodeHeap 'profiled nmethods': size=120000Kb used=2716Kb max_used=2716Kb free=117283Kb
 bounds [0x000002ac16f00000, 0x000002ac171b0000, 0x000002ac1e430000]
CodeHeap 'non-nmethods': size=5696Kb used=1464Kb max_used=1497Kb free=4231Kb
 bounds [0x000002ac1e430000, 0x000002ac1e6a0000, 0x000002ac1e9c0000]
CodeCache: size=245760Kb, used=4781Kb, max_used=4814Kb, free=240976Kb
 total_blobs=2308, nmethods=1803, adapters=408, full_count=0
Compilation: enabled, stopped_count=0, restarted_count=0

Compilation events (20 events):
Event: 1.011 Thread 0x000002ac730077b0 nmethod 1732 0x000002ac17188f88 code [0x000002ac171890a0, 0x000002ac171891b8]
Event: 1.011 Thread 0x000002ac730077b0 1735       3       java.util.jar.JavaUtilJarAccessImpl::ensureInitialization (5 bytes)
Event: 1.011 Thread 0x000002ac730077b0 nmethod 1735 0x000002ac17189288 code [0x000002ac171893a0, 0x000002ac17189568]
Event: 1.012 Thread 0x000002ac730077b0 1736  s!   3       java.util.jar.JarFile::ensureInitialization (59 bytes)
Event: 1.012 Thread 0x000002ac730077b0 nmethod 1736 0x000002ac17189588 code [0x000002ac17189740, 0x000002ac17189f80]
Event: 1.012 Thread 0x000002ac730077b0 1734       3       jdk.internal.loader.URLClassPath$JarLoader$1::getManifest (26 bytes)
Event: 1.012 Thread 0x000002ac730077b0 nmethod 1734 0x000002ac1718a008 code [0x000002ac1718a1c0, 0x000002ac1718a9f0]
Event: 1.012 Thread 0x000002ac730077b0 1733       1       sun.invoke.util.Wrapper::basicTypeChar (5 bytes)
Event: 1.013 Thread 0x000002ac730077b0 nmethod 1733 0x000002ac1ea52f88 code [0x000002ac1ea53080, 0x000002ac1ea53150]
Event: 1.014 Thread 0x000002ac730077b0 1738       3       java.util.concurrent.locks.AbstractQueuedSynchronizer::<init> (5 bytes)
Event: 1.015 Thread 0x000002ac730077b0 nmethod 1738 0x000002ac1718aa88 code [0x000002ac1718aba0, 0x000002ac1718ad60]
Event: 1.015 Thread 0x000002ac730077b0 1739       3       java.util.concurrent.locks.AbstractOwnableSynchronizer::<init> (5 bytes)
Event: 1.015 Thread 0x000002ac730077b0 nmethod 1739 0x000002ac1718ad88 code [0x000002ac1718aea0, 0x000002ac1718b000]
Event: 1.015 Thread 0x000002ac730077b0 1740       3       java.util.concurrent.locks.ReentrantLock$NonfairSync::<init> (5 bytes)
Event: 1.015 Thread 0x000002ac730077b0 nmethod 1740 0x000002ac1718b088 code [0x000002ac1718b1c0, 0x000002ac1718b440]
Event: 1.015 Thread 0x000002ac730077b0 1741       3       java.util.concurrent.locks.ReentrantLock$Sync::<init> (5 bytes)
Event: 1.015 Thread 0x000002ac730077b0 nmethod 1741 0x000002ac1718b488 code [0x000002ac1718b5a0, 0x000002ac1718b7c0]
Event: 1.015 Thread 0x000002ac730077b0 1742       3       java.util.concurrent.locks.ReentrantLock::<init> (16 bytes)
Event: 1.015 Thread 0x000002ac730077b0 nmethod 1742 0x000002ac1718b808 code [0x000002ac1718b940, 0x000002ac1718bd40]
Event: 1.016 Thread 0x000002ac732c6090 1743       4       java.lang.String::startsWith (123 bytes)

GC Heap History (0 events):
No events

Dll operation events (11 events):
Event: 0.014 Loaded shared library C:\Users\HP\.jdks\openjdk-24.0.1\bin\java.dll
Event: 0.073 Loaded shared library C:\Users\HP\.jdks\openjdk-24.0.1\bin\jsvml.dll
Event: 0.216 Loaded shared library C:\Users\HP\.jdks\openjdk-24.0.1\bin\zip.dll
Event: 0.219 Loaded shared library C:\Users\HP\.jdks\openjdk-24.0.1\bin\instrument.dll
Event: 0.225 Loaded shared library C:\Users\HP\.jdks\openjdk-24.0.1\bin\net.dll
Event: 0.227 Loaded shared library C:\Users\HP\.jdks\openjdk-24.0.1\bin\nio.dll
Event: 0.231 Loaded shared library C:\Users\HP\.jdks\openjdk-24.0.1\bin\zip.dll
Event: 0.397 Loaded shared library C:\Users\HP\.jdks\openjdk-24.0.1\bin\jimage.dll
Event: 0.439 Loaded shared library C:\Users\HP\.jdks\openjdk-24.0.1\bin\extnet.dll
Event: 0.468 Loaded shared library C:\Users\HP\.jdks\openjdk-24.0.1\bin\management.dll
Event: 0.481 Loaded shared library C:\Users\HP\.jdks\openjdk-24.0.1\bin\management_ext.dll

Deoptimization events (20 events):
Event: 0.961 Thread 0x000002ac7430de10 Uncommon trap: trap_request=0xffffffc6 fr.pc=0x000002ac1ea41b0c relative=0x0000000000000c6c
Event: 0.961 Thread 0x000002ac7430de10 Uncommon trap: reason=bimorphic_or_optimized_type_check action=maybe_recompile pc=0x000002ac1ea41b0c method=java.util.HashMap.putVal(ILjava/lang/Object;Ljava/lang/Object;ZZ)Ljava/lang/Object; @ 56 c2
Event: 0.961 Thread 0x000002ac7430de10 DEOPT PACKING pc=0x000002ac1ea41b0c sp=0x000000ca3f7fe000
Event: 0.961 Thread 0x000002ac7430de10 DEOPT UNPACKING pc=0x000002ac1e553182 sp=0x000000ca3f7fdf00 mode 2
Event: 0.961 Thread 0x000002ac7430de10 Uncommon trap: trap_request=0xffffffc6 fr.pc=0x000002ac1ea41b0c relative=0x0000000000000c6c
Event: 0.961 Thread 0x000002ac7430de10 Uncommon trap: reason=bimorphic_or_optimized_type_check action=maybe_recompile pc=0x000002ac1ea41b0c method=java.util.HashMap.putVal(ILjava/lang/Object;Ljava/lang/Object;ZZ)Ljava/lang/Object; @ 56 c2
Event: 0.961 Thread 0x000002ac7430de10 DEOPT PACKING pc=0x000002ac1ea41b0c sp=0x000000ca3f7fe000
Event: 0.961 Thread 0x000002ac7430de10 DEOPT UNPACKING pc=0x000002ac1e553182 sp=0x000000ca3f7fdf00 mode 2
Event: 0.961 Thread 0x000002ac7430de10 Uncommon trap: trap_request=0xffffffc6 fr.pc=0x000002ac1ea41b60 relative=0x0000000000000cc0
Event: 0.961 Thread 0x000002ac7430de10 Uncommon trap: reason=bimorphic_or_optimized_type_check action=maybe_recompile pc=0x000002ac1ea41b60 method=java.util.HashMap.putVal(ILjava/lang/Object;Ljava/lang/Object;ZZ)Ljava/lang/Object; @ 152 c2
Event: 0.961 Thread 0x000002ac7430de10 DEOPT PACKING pc=0x000002ac1ea41b60 sp=0x000000ca3f7fe000
Event: 0.961 Thread 0x000002ac7430de10 DEOPT UNPACKING pc=0x000002ac1e553182 sp=0x000000ca3f7fdf08 mode 2
Event: 0.961 Thread 0x000002ac7430de10 Uncommon trap: trap_request=0xffffffc6 fr.pc=0x000002ac1ea41b0c relative=0x0000000000000c6c
Event: 0.961 Thread 0x000002ac7430de10 Uncommon trap: reason=bimorphic_or_optimized_type_check action=maybe_recompile pc=0x000002ac1ea41b0c method=java.util.HashMap.putVal(ILjava/lang/Object;Ljava/lang/Object;ZZ)Ljava/lang/Object; @ 56 c2
Event: 0.961 Thread 0x000002ac7430de10 DEOPT PACKING pc=0x000002ac1ea41b0c sp=0x000000ca3f7fe000
Event: 0.961 Thread 0x000002ac7430de10 DEOPT UNPACKING pc=0x000002ac1e553182 sp=0x000000ca3f7fdf00 mode 2
Event: 0.970 Thread 0x000002ac741a3dd0 Uncommon trap: trap_request=0xffffffc6 fr.pc=0x000002ac1e9f179c relative=0x00000000000017fc
Event: 0.970 Thread 0x000002ac741a3dd0 Uncommon trap: reason=bimorphic_or_optimized_type_check action=maybe_recompile pc=0x000002ac1e9f179c method=java.io.DataInputStream.readFully([BII)V @ 30 c2
Event: 0.970 Thread 0x000002ac741a3dd0 DEOPT PACKING pc=0x000002ac1e9f179c sp=0x000000ca3f8fef10
Event: 0.970 Thread 0x000002ac741a3dd0 DEOPT UNPACKING pc=0x000002ac1e553182 sp=0x000000ca3f8fef08 mode 2

Classes loaded (20 events):
Event: 0.987 Loading class sun/reflect/generics/reflectiveObjects/WildcardTypeImpl
Event: 0.987 Loading class sun/reflect/generics/reflectiveObjects/WildcardTypeImpl done
Event: 0.991 Loading class java/util/Currency
Event: 0.992 Loading class java/util/Currency done
Event: 0.992 Loading class javax/management/MalformedObjectNameException
Event: 0.992 Loading class javax/management/MalformedObjectNameException done
Event: 0.994 Loading class java/util/UUID
Event: 0.994 Loading class java/util/UUID done
Event: 0.996 Loading class java/lang/invoke/BoundMethodHandle$Species_LLLL
Event: 0.996 Loading class java/lang/invoke/BoundMethodHandle$Species_LLLL done
Event: 0.999 Loading class java/lang/invoke/BoundMethodHandle$Species_LLLLL
Event: 0.999 Loading class java/lang/invoke/BoundMethodHandle$Species_LLLLL done
Event: 1.001 Loading class java/lang/invoke/BoundMethodHandle$Species_LLLLLL
Event: 1.001 Loading class java/lang/invoke/BoundMethodHandle$Species_LLLLLL done
Event: 1.007 Loading class java/lang/invoke/TypeConvertingMethodAdapter$1
Event: 1.007 Loading class java/lang/invoke/TypeConvertingMethodAdapter$1 done
Event: 1.013 Loading class java/time/ZonedDateTime
Event: 1.013 Loading class java/time/chrono/ChronoZonedDateTime
Event: 1.013 Loading class java/time/chrono/ChronoZonedDateTime done
Event: 1.013 Loading class java/time/ZonedDateTime done

Classes unloaded (0 events):
No events

Classes redefined (0 events):
No events

Internal exceptions (20 events):
Event: 0.737 Thread 0x000002ac0c210610 Exception <a 'java/lang/NoSuchMethodError'{0x00000007131b8ac8}: 'java.lang.Object java.lang.invoke.DirectMethodHandle$Holder.invokeSpecialIFC(java.lang.Object, java.lang.Object, java.lang.Object, java.lang.Object)'> (0x00000007131b8ac8) 
thrown [s\open\src\hotspot\share\interpreter\linkResolver.cpp, line 805]
Event: 0.742 Thread 0x000002ac0c210610 Exception <a 'java/lang/NoSuchMethodError'{0x00000007131d80a0}: 'java.lang.Object java.lang.invoke.DirectMethodHandle$Holder.invokeInterface(java.lang.Object, java.lang.Object, java.lang.Object)'> (0x00000007131d80a0) 
thrown [s\open\src\hotspot\share\interpreter\linkResolver.cpp, line 805]
Event: 0.751 Thread 0x000002ac0c210610 Exception <a 'java/lang/NoSuchMethodError'{0x0000000712e1a0c0}: 'int java.lang.invoke.DirectMethodHandle$Holder.invokeStaticInit(java.lang.Object, java.lang.Object, java.lang.Object)'> (0x0000000712e1a0c0) 
thrown [s\open\src\hotspot\share\interpreter\linkResolver.cpp, line 805]
Event: 0.765 Thread 0x000002ac0c210610 Exception <a 'java/lang/NoSuchMethodError'{0x0000000712e86c70}: 'java.lang.Object java.lang.invoke.DirectMethodHandle$Holder.newInvokeSpecial(java.lang.Object, java.lang.Object, java.lang.Object, java.lang.Object, java.lang.Object)'> (0x0000000712e86c70) 
thrown [s\open\src\hotspot\share\interpreter\linkResolver.cpp, line 805]
Event: 0.775 Thread 0x000002ac2d78e820 Exception <a 'java/lang/NoSuchMethodError'{0x0000000712f28400}: 'java.lang.Object java.lang.invoke.DirectMethodHandle$Holder.invokeStaticInit(java.lang.Object, int, int, int, int)'> (0x0000000712f28400) 
thrown [s\open\src\hotspot\share\interpreter\linkResolver.cpp, line 805]
Event: 0.813 Thread 0x000002ac2d78e820 Exception <a 'java/lang/NoSuchMethodError'{0x0000000712d10178}: 'java.lang.Object java.lang.invoke.DirectMethodHandle$Holder.invokeStaticInit(java.lang.Object, java.lang.Object, int, int, int, int)'> (0x0000000712d10178) 
thrown [s\open\src\hotspot\share\interpreter\linkResolver.cpp, line 805]
Event: 0.829 Thread 0x000002ac2d78e820 Exception <a 'java/lang/ClassNotFoundException'{0x0000000712d269e8}: javax/management/remote/rmi/RMIServerImpl_Skel> (0x0000000712d269e8) 
thrown [s\open\src\hotspot\share\classfile\systemDictionary.cpp, line 327]
Event: 0.840 Thread 0x000002ac2d78e820 Exception <a 'java/lang/NoSuchMethodError'{0x0000000712d38708}: 'long java.lang.invoke.DirectMethodHandle$Holder.invokeSpecial(java.lang.Object, java.lang.Object)'> (0x0000000712d38708) 
thrown [s\open\src\hotspot\share\interpreter\linkResolver.cpp, line 805]
Event: 0.841 Thread 0x000002ac2d78e820 Exception <a 'java/lang/NoSuchMethodError'{0x0000000712d405c0}: 'long java.lang.invoke.Invokers$Holder.invokeExact_MT(java.lang.Object, java.lang.Object)'> (0x0000000712d405c0) 
thrown [s\open\src\hotspot\share\interpreter\linkResolver.cpp, line 805]
Event: 0.936 Thread 0x000002ac7430de10 Exception <a 'java/lang/IncompatibleClassChangeError'{0x00000007124f8630}: Found class java.lang.Object, but interface was expected> (0x00000007124f8630) 
thrown [s\open\src\hotspot\share\interpreter\linkResolver.cpp, line 872]
Event: 0.950 Thread 0x000002ac741a3dd0 Exception <a 'java/lang/NoSuchMethodError'{0x0000000712434150}: static [B.<clinit>()V> (0x0000000712434150) 
thrown [s\open\src\hotspot\share\prims\jni.cpp, line 1108]
Event: 0.959 Thread 0x000002ac7430de10 Exception <a 'sun/nio/fs/WindowsException'{0x000000071255e280}> (0x000000071255e280) 
thrown [s\open\src\hotspot\share\prims\jni.cpp, line 518]
Event: 0.961 Thread 0x000002ac745f85a0 Exception <a 'java/lang/NoSuchMethodError'{0x0000000712209ce0}: 'java.lang.Object java.lang.invoke.DirectMethodHandle$Holder.invokeSpecial(java.lang.Object, java.lang.Object, java.lang.Object, java.lang.Object, long)'> (0x0000000712209ce0) 
thrown [s\open\src\hotspot\share\interpreter\linkResolver.cpp, line 805]
Event: 0.962 Thread 0x000002ac745f85a0 Exception <a 'java/lang/NoSuchMethodError'{0x0000000712219ca8}: 'java.lang.Object java.lang.invoke.Invokers$Holder.linkToTargetMethod(java.lang.Object, long, java.lang.Object)'> (0x0000000712219ca8) 
thrown [s\open\src\hotspot\share\interpreter\linkResolver.cpp, line 805]
Event: 0.963 Thread 0x000002ac741a3dd0 Exception <a 'java/lang/ClassNotFoundException'{0x00000007124456e8}: javax/management/remote/rmi/RMIConnectionImpl_Skel> (0x00000007124456e8) 
thrown [s\open\src\hotspot\share\classfile\systemDictionary.cpp, line 327]
Event: 0.994 Thread 0x000002ac741a3dd0 Exception <a 'java/lang/NoSuchMethodError'{0x00000007124835c8}: 'int java.lang.invoke.DelegatingMethodHandle$Holder.reinvoke_L(java.lang.Object, java.lang.Object, java.lang.Object, java.lang.Object, java.lang.Object)'> (0x00000007124835c8) 
thrown [s\open\src\hotspot\share\interpreter\linkResolver.cpp, line 805]
Event: 1.000 Thread 0x000002ac741a3dd0 Exception <a 'java/lang/NoSuchMethodError'{0x00000007124c6880}: 'java.lang.Object java.lang.invoke.DirectMethodHandle$Holder.invokeStatic(java.lang.Object, java.lang.Object, java.lang.Object, java.lang.Object, java.lang.Object, java.lang.Object, java.lang.Object, java.lang.Object)'> (0x00000007124c6880) 
thrown [s\open\src\hotspot\share\interpreter\linkResolver.cpp, line 805]
Event: 1.003 Thread 0x000002ac741a3dd0 Exception <a 'java/lang/NoSuchMethodError'{0x00000007124ea188}: 'java.lang.Object java.lang.invoke.DirectMethodHandle$Holder.invokeStatic(java.lang.Object, java.lang.Object, java.lang.Object, java.lang.Object, java.lang.Object, java.lang.Object, java.lang.Object, java.lang.Object, java.lang.Object)'> (0x00000007124ea188) 
thrown [s\open\src\hotspot\share\interpreter\linkResolver.cpp, line 805]
Event: 1.004 Thread 0x000002ac741a3dd0 Exception <a 'java/lang/NoSuchMethodError'{0x00000007123f3da8}: 'java.lang.Object java.lang.invoke.Invokers$Holder.invokeExact_MT(java.lang.Object, java.lang.Object, java.lang.Object, java.lang.Object, java.lang.Object, java.lang.Object)'> (0x00000007123f3da8) 
thrown [s\open\src\hotspot\share\interpreter\linkResolver.cpp, line 805]
Event: 1.023 Thread 0x000002ac741a3dd0 Exception <a 'java/lang/NoSuchMethodError'{0x00000007123ffb88}: 'java.lang.Object java.lang.invoke.DirectMethodHandle$Holder.invokeInterface(java.lang.Object, java.lang.Object, java.lang.Object, java.lang.Object, java.lang.Object)'> (0x00000007123ffb88) 
thrown [s\open\src\hotspot\share\interpreter\linkResolver.cpp, line 805]

VM Operations (14 events):
Event: 0.198 Executing VM operation: HandshakeAllThreads (Deoptimize)
Event: 0.199 Executing VM operation: HandshakeAllThreads (Deoptimize) done
Event: 0.406 Executing VM operation: HandshakeAllThreads (Deoptimize)
Event: 0.406 Executing VM operation: HandshakeAllThreads (Deoptimize) done
Event: 0.481 Executing VM operation: HandshakeAllThreads (Deoptimize)
Event: 0.481 Executing VM operation: HandshakeAllThreads (Deoptimize) done
Event: 0.493 Executing VM operation: HandshakeAllThreads (Deoptimize)
Event: 0.493 Executing VM operation: HandshakeAllThreads (Deoptimize) done
Event: 0.803 Executing VM operation: HandshakeAllThreads (Deoptimize)
Event: 0.803 Executing VM operation: HandshakeAllThreads (Deoptimize) done
Event: 0.961 Executing VM operation: HandshakeAllThreads (Deoptimize)
Event: 0.961 Executing VM operation: HandshakeAllThreads (Deoptimize) done
Event: 0.961 Executing VM operation: HandshakeAllThreads (Deoptimize)
Event: 0.961 Executing VM operation: HandshakeAllThreads (Deoptimize) done

Memory protections (0 events):
No events

Nmethod flushes (0 events):
No events

Events (20 events):
Event: 0.049 Thread 0x000002ac0c210610 Thread added: 0x000002ac0c210610
Event: 0.068 Thread 0x000002ac0c210610 Thread added: 0x000002ac2d787ce0
Event: 0.068 Thread 0x000002ac0c210610 Thread added: 0x000002ac2d788620
Event: 0.069 Thread 0x000002ac0c210610 Thread added: 0x000002ac2d78b450
Event: 0.069 Thread 0x000002ac0c210610 Thread added: 0x000002ac2d78e820
Event: 0.069 Thread 0x000002ac0c210610 Thread added: 0x000002ac73000560
Event: 0.069 Thread 0x000002ac0c210610 Thread added: 0x000002ac730012b0
Event: 0.069 Thread 0x000002ac0c210610 Thread added: 0x000002ac73003210
Event: 0.069 Thread 0x000002ac0c210610 Thread added: 0x000002ac730077b0
Event: 0.222 Thread 0x000002ac0c210610 Thread added: 0x000002ac731d25b0
Event: 0.244 Thread 0x000002ac730077b0 Thread added: 0x000002ac732c6090
Event: 0.420 Thread 0x000002ac0c210610 Thread added: 0x000002ac735c4000
Event: 0.420 Thread 0x000002ac0c210610 Thread added: 0x000002ac735c49f0
Event: 0.673 Thread 0x000002ac730077b0 Thread added: 0x000002ac732c49e0
Event: 0.836 Thread 0x000002ac2d78e820 Thread added: 0x000002ac741a78d0
Event: 0.886 Thread 0x000002ac0c210610 Thread added: 0x000002ac743b84f0
Event: 0.890 Thread 0x000002ac743b84f0 Thread added: 0x000002ac7430de10
Event: 0.909 Thread 0x000002ac741a78d0 Thread added: 0x000002ac741a3dd0
Event: 0.949 Thread 0x000002ac741a3dd0 Thread added: 0x000002ac745f3a90
Event: 0.959 Thread 0x000002ac741a3dd0 Thread added: 0x000002ac745f85a0


Dynamic libraries:
0x00007ff7ad5b0000 - 0x00007ff7ad5be000 	C:\Users\HP\.jdks\openjdk-24.0.1\bin\java.exe
0x00007ffcfb220000 - 0x00007ffcfb488000 	C:\WINDOWS\SYSTEM32\ntdll.dll
0x00007ffcfa2e0000 - 0x00007ffcfa3a9000 	C:\WINDOWS\System32\KERNEL32.DLL
0x00007ffcf8870000 - 0x00007ffcf8c5d000 	C:\WINDOWS\System32\KERNELBASE.dll
0x00007ffcf85b0000 - 0x00007ffcf86fb000 	C:\WINDOWS\System32\ucrtbase.dll
0x00007ffcf0560000 - 0x00007ffcf0576000 	C:\Users\HP\.jdks\openjdk-24.0.1\bin\jli.dll
0x00007ffcf99b0000 - 0x00007ffcf9b7c000 	C:\WINDOWS\System32\USER32.dll
0x00007ffcf8840000 - 0x00007ffcf8867000 	C:\WINDOWS\System32\win32u.dll
0x00007ffcf9020000 - 0x00007ffcf904b000 	C:\WINDOWS\System32\GDI32.dll
0x00007ffcf8c60000 - 0x00007ffcf8d97000 	C:\WINDOWS\System32\gdi32full.dll
0x00007ffcf8700000 - 0x00007ffcf87a3000 	C:\WINDOWS\System32\msvcp_win.dll
0x00007ffcd3320000 - 0x00007ffcd333b000 	C:\Users\HP\.jdks\openjdk-24.0.1\bin\VCRUNTIME140.dll
0x00007ffcd0030000 - 0x00007ffcd02ca000 	C:\WINDOWS\WinSxS\amd64_microsoft.windows.common-controls_6595b64144ccf1df_6.0.26100.4484_none_3e0e6d4ce32ef3b3\COMCTL32.dll
0x00007ffcfaf40000 - 0x00007ffcfafe9000 	C:\WINDOWS\System32\msvcrt.dll
0x00007ffcfa5b0000 - 0x00007ffcfa5df000 	C:\WINDOWS\System32\IMM32.DLL
0x00007ffcf21d0000 - 0x00007ffcf21dc000 	C:\Users\HP\.jdks\openjdk-24.0.1\bin\vcruntime140_1.dll
0x00007ffc953b0000 - 0x00007ffc9543e000 	C:\Users\HP\.jdks\openjdk-24.0.1\bin\msvcp140.dll
0x00007ffc640f0000 - 0x00007ffc64e92000 	C:\Users\HP\.jdks\openjdk-24.0.1\bin\server\jvm.dll
0x00007ffcfa890000 - 0x00007ffcfa944000 	C:\WINDOWS\System32\ADVAPI32.dll
0x00007ffcfa770000 - 0x00007ffcfa816000 	C:\WINDOWS\System32\sechost.dll
0x00007ffcfb0c0000 - 0x00007ffcfb1d8000 	C:\WINDOWS\System32\RPCRT4.dll
0x00007ffcfa3b0000 - 0x00007ffcfa424000 	C:\WINDOWS\System32\WS2_32.dll
0x00007ffcf81c0000 - 0x00007ffcf821e000 	C:\WINDOWS\SYSTEM32\POWRPROF.dll
0x00007ffce5920000 - 0x00007ffce592b000 	C:\WINDOWS\SYSTEM32\VERSION.dll
0x00007ffcee6f0000 - 0x00007ffcee725000 	C:\WINDOWS\SYSTEM32\WINMM.dll
0x00007ffcf81a0000 - 0x00007ffcf81b4000 	C:\WINDOWS\SYSTEM32\UMPDC.dll
0x00007ffcf70d0000 - 0x00007ffcf70eb000 	C:\WINDOWS\SYSTEM32\kernel.appcore.dll
0x00007ffcf1b00000 - 0x00007ffcf1b0a000 	C:\Users\HP\.jdks\openjdk-24.0.1\bin\jimage.dll
0x00007ffcf5cc0000 - 0x00007ffcf5f01000 	C:\WINDOWS\SYSTEM32\DBGHELP.DLL
0x00007ffcf9050000 - 0x00007ffcf93d6000 	C:\WINDOWS\System32\combase.dll
0x00007ffcf98c0000 - 0x00007ffcf99a0000 	C:\WINDOWS\System32\OLEAUT32.dll
0x00007ffcd3290000 - 0x00007ffcd32d3000 	C:\WINDOWS\SYSTEM32\dbgcore.DLL
0x00007ffcf8da0000 - 0x00007ffcf8e39000 	C:\WINDOWS\System32\bcryptPrimitives.dll
0x00007ffcf03b0000 - 0x00007ffcf03bf000 	C:\Users\HP\.jdks\openjdk-24.0.1\bin\instrument.dll
0x00007ffcbf080000 - 0x00007ffcbf09e000 	C:\Users\HP\.jdks\openjdk-24.0.1\bin\java.dll
0x00007ffcfabc0000 - 0x00007ffcfad5e000 	C:\WINDOWS\System32\ole32.dll
0x00007ffcf9b80000 - 0x00007ffcfa2ca000 	C:\WINDOWS\System32\SHELL32.dll
0x00007ffcf8430000 - 0x00007ffcf85a4000 	C:\WINDOWS\System32\wintypes.dll
0x00007ffcf5f70000 - 0x00007ffcf67cb000 	C:\WINDOWS\SYSTEM32\windows.storage.dll
0x00007ffcfae40000 - 0x00007ffcfaf35000 	C:\WINDOWS\System32\SHCORE.dll
0x00007ffcfa820000 - 0x00007ffcfa88a000 	C:\WINDOWS\System32\shlwapi.dll
0x00007ffcf8280000 - 0x00007ffcf82af000 	C:\WINDOWS\SYSTEM32\profapi.dll
0x00007ffc952d0000 - 0x00007ffc953a7000 	C:\Users\HP\.jdks\openjdk-24.0.1\bin\jsvml.dll
0x00007ffcbce40000 - 0x00007ffcbce57000 	C:\Users\HP\.jdks\openjdk-24.0.1\bin\zip.dll
0x00007ffceda70000 - 0x00007ffceda80000 	C:\Users\HP\.jdks\openjdk-24.0.1\bin\net.dll
0x00007ffcf7640000 - 0x00007ffcf76aa000 	C:\WINDOWS\system32\mswsock.dll
0x00007ffcbb020000 - 0x00007ffcbb036000 	C:\Users\HP\.jdks\openjdk-24.0.1\bin\nio.dll
0x00007ffcd7740000 - 0x00007ffcd7749000 	C:\Users\HP\.jdks\openjdk-24.0.1\bin\extnet.dll
0x00007ffcf6bd0000 - 0x00007ffcf6cf6000 	C:\WINDOWS\SYSTEM32\DNSAPI.dll
0x00007ffcf6b30000 - 0x00007ffcf6b63000 	C:\WINDOWS\SYSTEM32\IPHLPAPI.DLL
0x00007ffcfb0b0000 - 0x00007ffcfb0ba000 	C:\WINDOWS\System32\NSI.dll
0x00007ffcf0800000 - 0x00007ffcf080b000 	C:\Windows\System32\rasadhlp.dll
0x00007ffcf2960000 - 0x00007ffcf29e6000 	C:\WINDOWS\System32\fwpuclnt.dll
0x00007ffccdca0000 - 0x00007ffccdcaa000 	C:\Users\HP\.jdks\openjdk-24.0.1\bin\management.dll
0x00007ffccdad0000 - 0x00007ffccdadb000 	C:\Users\HP\.jdks\openjdk-24.0.1\bin\management_ext.dll
0x00007ffcfb0a0000 - 0x00007ffcfb0a8000 	C:\WINDOWS\System32\PSAPI.DLL
0x00007ffcf7a20000 - 0x00007ffcf7a3b000 	C:\WINDOWS\SYSTEM32\CRYPTSP.dll
0x00007ffcf7030000 - 0x00007ffcf706b000 	C:\WINDOWS\system32\rsaenh.dll
0x00007ffcf76e0000 - 0x00007ffcf770b000 	C:\WINDOWS\SYSTEM32\USERENV.dll
0x00007ffcf8250000 - 0x00007ffcf8276000 	C:\WINDOWS\SYSTEM32\bcrypt.dll
0x00007ffcf7880000 - 0x00007ffcf788c000 	C:\WINDOWS\SYSTEM32\CRYPTBASE.dll
0x00007ffcedbf0000 - 0x00007ffcedc08000 	C:\WINDOWS\system32\napinsp.dll
0x00007ffcedbd0000 - 0x00007ffcedbe2000 	C:\WINDOWS\System32\winrnr.dll
0x00007ffccb880000 - 0x00007ffccb8b0000 	C:\WINDOWS\system32\nlansp_c.dll
0x00007ffccb850000 - 0x00007ffccb870000 	C:\WINDOWS\system32\wshbth.dll
0x00007ffcf02b0000 - 0x00007ffcf02fe000 	C:\WINDOWS\SYSTEM32\pdh.dll

JVMTI agents:
C:\Program Files\JetBrains\IntelliJ IDEA 2025.1.2\lib\idea_rt.jar path:C:\Users\HP\.jdks\openjdk-24.0.1\bin\instrument.dll, loaded, initialized, instrumentlib options:65308

dbghelp: loaded successfully - version: 4.0.5 - missing functions: none
symbol engine: initialized successfully - sym options: 0x614 - pdb path: .;C:\Users\HP\.jdks\openjdk-24.0.1\bin;C:\WINDOWS\SYSTEM32;C:\WINDOWS\WinSxS\amd64_microsoft.windows.common-controls_6595b64144ccf1df_6.0.26100.4484_none_3e0e6d4ce32ef3b3;C:\Users\HP\.jdks\openjdk-24.0.1\bin\server

VM Arguments:
jvm_args: -javaagent:C:\Program Files\JetBrains\IntelliJ IDEA 2025.1.2\lib\idea_rt.jar=65308 -Dfile.encoding=UTF-8 -Dsun.stdout.encoding=UTF-8 -Dsun.stderr.encoding=UTF-8 
java_command: com.harrisonmoses.store.StoreApplication
java_class_path (initial): C:\Users\HP\Desktop\PBT\Ecommerce-springBoot\store\target\classes;C:\Users\HP\.m2\repository\org\springframework\boot\spring-boot-starter\3.5.0\spring-boot-starter-3.5.0.jar;C:\Users\HP\.m2\repository\org\springframework\boot\spring-boot\3.5.0\spring-boot-3.5.0.jar;C:\Users\HP\.m2\repository\org\springframework\spring-context\6.2.7\spring-context-6.2.7.jar;C:\Users\HP\.m2\repository\org\springframework\boot\spring-boot-autoconfigure\3.5.0\spring-boot-autoconfigure-3.5.0.jar;C:\Users\HP\.m2\repository\org\springframework\boot\spring-boot-starter-logging\3.5.0\spring-boot-starter-logging-3.5.0.jar;C:\Users\HP\.m2\repository\ch\qos\logback\logback-classic\1.5.18\logback-classic-1.5.18.jar;C:\Users\HP\.m2\repository\ch\qos\logback\logback-core\1.5.18\logback-core-1.5.18.jar;C:\Users\HP\.m2\repository\org\apache\logging\log4j\log4j-to-slf4j\2.24.3\log4j-to-slf4j-2.24.3.jar;C:\Users\HP\.m2\repository\org\apache\logging\log4j\log4j-api\2.24.3\log4j-api-2.24.3.jar;C:\Users\HP\.m2\repository\org\slf4j\jul-to-slf4j\2.0.17\jul-to-slf4j-2.0.17.jar;C:\Users\HP\.m2\repository\jakarta\annotation\jakarta.annotation-api\2.1.1\jakarta.annotation-api-2.1.1.jar;C:\Users\HP\.m2\repository\org\springframework\spring-core\6.2.7\spring-core-6.2.7.jar;C:\Users\HP\.m2\repository\org\springframework\spring-jcl\6.2.7\spring-jcl-6.2.7.jar;C:\Users\HP\.m2\repository\org\yaml\snakeyaml\2.4\snakeyaml-2.4.jar;C:\Users\HP\.m2\repository\jakarta\xml\bind\jakarta.xml.bind-api\4.0.2\jakarta.xml.bind-api-4.0.2.jar;C:\Users\HP\.m2\repository\jakarta\activation\jakarta.activation-api\2.1.3\jakarta.activation-api-2.1.3.jar;C:\Users\HP\.m2\repository\net\bytebuddy\byte-buddy\1.17.5\byte-buddy-1.17.5.jar;C:\Users\HP\.m2\repository\org\springframework\boot\spring-boot-starter-web\3.5.0\spring-boot-starter-web-3.5.0.jar;C:\Users\HP\.m2\repository\org\springframework\boot\spring-boot-starter-json\3.5.0\spring-boot-starter-json-3.5.0.jar;C:\Users\HP\.m2\repository\com\fasterxml\jackson\datatype\jackson-datatype-jdk8\2.19.0\jackson-datatype-jdk8-2.19.0.jar;C:\Users\HP\.m2\repository\com\fasterxml\jackson\module\jackson-module-parameter-names\2.19.0\jackson-module-parameter-names-2.19.0.jar;C:\Users\HP\.m2\repository\org\springframework\boot\spring-boot-starter-tomcat\3.5.0\spring-boot-starter-tomcat-3.5.0.jar;C:\Users\HP\.m2\repository\org\apache\tomcat\embed\tomcat-embed-core\10.1.41\tomcat-embed-core-10.1.41.jar;C:\Users\HP\.m2\repository\org\apache\tomcat\embed\tomcat-embed-websocket\10.1.41\tomcat-embed-websocket-10.1.41.jar;C:\Users\HP\.m2\repository\org\springframework\spring-web\6.2.7\spring-web-6.2.7.jar;C:\Users\HP\.m2\repository\org\springframework\spring-beans\6.2.7\spring-beans-6.2.7.jar;C:\Users\HP\.m2\repository\io\micrometer\micrometer-observation\1.15.0\micrometer-observation-1.15.0.jar;C:\Users\HP\.m2\repository\io\micrometer\micrometer-commons\1.15.0\micrometer-commons-1.15.0.jar;C:\Users\HP\.m2\repository\org\springframework\spring-webmvc\6.2.7\spring-webmvc-6.2.7.jar;C:\Users\HP\.m2\repository\org\springframework\spring-expression\6.2.7\spring-expression-6.2.7.jar;C:\Users\HP\.m2\repository\org\springframework\boot\spring-boot-devtools\3.5.0\spring-boot-devtools-3.5.0.jar;C:\Users\HP\.m2\repository\org\postgresql\postgresql\42.7.5\postgresql-42.7.5.jar;C:\Users\HP\.m2\repository\org\checkerframework\checker-qual\3.48.3\checker-qual-3.48.3.jar;C:\Users\HP\.m2\repository\org\flywaydb\flyway-core\11.7.2\flyway-core-11.7.2.jar;C:\Users\HP\.m2\repository\com\fasterxml\jackson\dataformat\jackson-dataformat-toml\2.19.0\jackson-dataformat-toml-2.19.0.jar;C:\Users\HP\.m2\repository\com\fasterxml\jackson\core\jackson-core\2.19.0\jackson-core-2.19.0.jar;C:\Users\HP\.m2\repository\com\fasterxml\jackson\datatype\jackson-datatype-jsr310\2.19.0\jackson-datatype-jsr310-2.19.0.jar;C:\Users\HP\.m2\repository\com\fasterxml\jackson\core\jackson-annotations\2.19.0\jackson-annotations-2.19.0.jar;C:\Users\HP\.m2\repository\org\flywaydb\flyway-database-postgresql\11.7.2\flyway-database-postgresql-11.7.2.jar;C:\Users\HP\.m2\repository\org\springframework\boot\spring-boot-starter-data-jpa\3.5.0\spring-boot-starter-data-jpa-3.5.0.jar;C:\Users\HP\.m2\repository\org\springframework\boot\spring-boot-starter-jdbc\3.5.0\spring-boot-starter-jdbc-3.5.0.jar;C:\Users\HP\.m2\repository\com\zaxxer\HikariCP\6.3.0\HikariCP-6.3.0.jar;C:\Users\HP\.m2\repository\org\springframework\spring-jdbc\6.2.7\spring-jdbc-6.2.7.jar;C:\Users\HP\.m2\repository\org\hibernate\orm\hibernate-core\6.6.15.Final\hibernate-core-6.6.15.Final.jar;C:\Users\HP\.m2\repository\jakarta\persistence\jakarta.persistence-api\3.1.0\jakarta.persistence-api-3.1.0.jar;C:\Users\HP\.m2\repository\jakarta\transaction\jakarta.transaction-api\2.0.1\jakarta.transaction-api-2.0.1.jar;C:\Users\HP\.m2\repository\org\jboss\logging\jboss-logging\3.6.1.Final\jboss-logging-3.6.1.Final.jar;C:\Users\HP\.m2\repository\org\hibernate\common\hibernate-commons-annotations\7.0.3.Final\hibernate-commons-annotations-7.0.3.Final.jar;C:\Users\HP\.m2\repository\io\smallrye\jandex\3.2.0\jandex-3.2.0.jar;C:\Users\HP\.m2\repository\com\fasterxml\classmate\1.7.0\classmate-1.7.0.jar;C:\Users\HP\.m2\repository\org\glassfish\jaxb\jaxb-runtime\4.0.5\jaxb-runtime-4.0.5.jar;C:\Users\HP\.m2\repository\org\glassfish\jaxb\jaxb-core\4.0.5\jaxb-core-4.0.5.jar;C:\Users\HP\.m2\repository\org\eclipse\angus\angus-activation\2.0.2\angus-activation-2.0.2.jar;C:\Users\HP\.m2\repository\org\glassfish\jaxb\txw2\4.0.5\txw2-4.0.5.jar;C:\Users\HP\.m2\repository\com\sun\istack\istack-commons-runtime\4.1.2\istack-commons-runtime-4.1.2.jar;C:\Users\HP\.m2\repository\jakarta\inject\jakarta.inject-api\2.0.1\jakarta.inject-api-2.0.1.jar;C:\Users\HP\.m2\repository\org\antlr\antlr4-runtime\4.13.0\antlr4-runtime-4.13.0.jar;C:\Users\HP\.m2\repository\org\springframework\data\spring-data-jpa\3.5.0\spring-data-jpa-3.5.0.jar;C:\Users\HP\.m2\repository\org\springframework\data\spring-data-commons\3.5.0\spring-data-commons-3.5.0.jar;C:\Users\HP\.m2\repository\org\springframework\spring-orm\6.2.7\spring-orm-6.2.7.jar;C:\Users\HP\.m2\repository\org\springframework\spring-tx\6.2.7\spring-tx-6.2.7.jar;C:\Users\HP\.m2\repository\org\springframework\spring-aspects\6.2.7\spring-aspects-6.2.7.jar;C:\Users\HP\.m2\repository\org\aspectj\aspectjweaver\1.9.24\aspectjweaver-1.9.24.jar;C:\Users\HP\.m2\repository\org\projectlombok\lombok\1.18.38\lombok-1.18.38.jar;C:\Users\HP\.m2\repository\org\springframework\boot\spring-boot-starter-thymeleaf\3.5.0\spring-boot-starter-thymeleaf-3.5.0.jar;C:\Users\HP\.m2\repository\org\thymeleaf\thymeleaf-spring6\3.1.3.RELEASE\thymeleaf-spring6-3.1.3.RELEASE.jar;C:\Users\HP\.m2\repository\org\thymeleaf\thymeleaf\3.1.3.RELEASE\thymeleaf-3.1.3.RELEASE.jar;C:\Users\HP\.m2\repository\org\attoparser\attoparser\2.0.7.RELEASE\attoparser-2.0.7.RELEASE.jar;C:\Users\HP\.m2\repository\org\unbescape\unbescape\1.1.6.RELEASE\unbescape-1.1.6.RELEASE.jar;C:\Users\HP\.m2\repository\org\mapstruct\mapstruct\1.6.3\mapstruct-1.6.3.jar;C:\Users\HP\.m2\repository\org\mapstruct\mapstruct-processor\1.6.3\mapstruct-processor-1.6.3.jar;C:\Users\HP\.m2\repository\org\springframework\boot\spring-boot-starter-validation\3.5.0\spring-boot-starter-validation-3.5.0.jar;C:\Users\HP\.m2\repository\org\apache\tomcat\embed\tomcat-embed-el\10.1.41\tomcat-embed-el-10.1.41.jar;C:\Users\HP\.m2\repository\org\hibernate\validator\hibernate-validator\8.0.2.Final\hibernate-validator-8.0.2.Final.jar;C:\Users\HP\.m2\repository\jakarta\validation\jakarta.validation-api\3.0.2\jakarta.validation-api-3.0.2.jar;C:\Users\HP\.m2\repository\org\springdoc\springdoc-openapi-starter-webmvc-ui\2.8.9\springdoc-openapi-starter-webmvc-ui-2.8.9.jar;C:\Users\HP\.m2\repository\org\springdoc\springdoc-openapi-starter-webmvc-api\2.8.9\springdoc-openapi-starter-webmvc-api-2.8.9.jar;C:\Users\HP\.m2\repository\org\springdoc\springdoc-openapi-starter-common\2.8.9\springdoc-openapi-starter-common-2.8.9.jar;C:\Users\HP\.m2\repository\io\swagger\core\v3\swagger-core-jakarta\2.2.30\swagger-core-jakarta-2.2.30.jar;C:\Users\HP\.m2\repository\org\apache\commons\commons-lang3\3.17.0\commons-lang3-3.17.0.jar;C:\Users\HP\.m2\repository\io\swagger\core\v3\swagger-annotations-jakarta\2.2.30\swagger-annotations-jakarta-2.2.30.jar;C:\Users\HP\.m2\repository\io\swagger\core\v3\swagger-models-jakarta\2.2.30\swagger-models-jakarta-2.2.30.jar;C:\Users\HP\.m2\repository\com\fasterxml\jackson\dataformat\jackson-dataformat-yaml\2.19.0\jackson-dataformat-yaml-2.19.0.jar;C:\Users\HP\.m2\repository\org\webjars\swagger-ui\5.21.0\swagger-ui-5.21.0.jar;C:\Users\HP\.m2\repository\org\webjars\webjars-locator-lite\1.1.0\webjars-locator-lite-1.1.0.jar;C:\Users\HP\.m2\repository\org\jspecify\jspecify\1.0.0\jspecify-1.0.0.jar;C:\Users\HP\.m2\repository\org\springframework\boot\spring-boot-starter-security\3.5.0\spring-boot-starter-security-3.5.0.jar;C:\Users\HP\.m2\repository\org\springframework\spring-aop\6.2.7\spring-aop-6.2.7.jar;C:\Users\HP\.m2\repository\org\springframework\security\spring-security-config\6.5.0\spring-security-config-6.5.0.jar;C:\Users\HP\.m2\repository\org\springframework\security\spring-security-web\6.5.0\spring-security-web-6.5.0.jar;C:\Users\HP\.m2\repository\org\springframework\security\spring-security-core\6.5.0\spring-security-core-6.5.0.jar;C:\Users\HP\.m2\repository\org\springframework\security\spring-security-crypto\6.5.0\spring-security-crypto-6.5.0.jar;C:\Users\HP\.m2\repository\org\thymeleaf\extras\thymeleaf-extras-springsecurity6\3.1.3.RELEASE\thymeleaf-extras-springsecurity6-3.1.3.RELEASE.jar;C:\Users\HP\.m2\repository\org\slf4j\slf4j-api\2.0.17\slf4j-api-2.0.17.jar;C:\Users\HP\.m2\repository\io\jsonwebtoken\jjwt-impl\0.12.6\jjwt-impl-0.12.6.jar;C:\Users\HP\.m2\repository\io\jsonwebtoken\jjwt-jackson\0.12.5\jjwt-jackson-0.12.5.jar;C:\Users\HP\.m2\repository\com\fasterxml\jackson\core\jackson-databind\2.19.0\jackson-databind-2.19.0.jar;C:\Users\HP\.m2\repository\io\jsonwebtoken\jjwt-api\0.12.6\jjwt-api-0.12.6.jar;C:\Users\HP\.m2\repository\me\paulschwarz\spring-dotenv\4.0.0\spring-dotenv-4.0.0.jar;C:\Users\HP\.m2\repository\io\github\cdimascio\dotenv-java\3.0.0\dotenv-java-3.0.0.jar
Launcher Type: SUN_STANDARD

[Global flags]
     intx CICompilerCount                          = 4                                         {product} {ergonomic}
     uint ConcGCThreads                            = 2                                         {product} {ergonomic}
     uint G1ConcRefinementThreads                  = 8                                         {product} {ergonomic}
   size_t G1HeapRegionSize                         = 2097152                                   {product} {ergonomic}
   size_t InitialHeapSize                          = 264241152                                 {product} {ergonomic}
   size_t MarkStackSize                            = 4194304                                   {product} {ergonomic}
   size_t MarkStackSizeMax                         = 536870912                                 {product} {ergonomic}
   size_t MaxHeapSize                              = 4213178368                                {product} {ergonomic}
   size_t MaxNewSize                               = 2527068160                                {product} {ergonomic}
   size_t MinHeapDeltaBytes                        = 2097152                                   {product} {ergonomic}
   size_t MinHeapSize                              = 8388608                                   {product} {ergonomic}
    uintx NonNMethodCodeHeapSize                   = 5832704                                {pd product} {ergonomic}
    uintx NonProfiledCodeHeapSize                  = 122945536                              {pd product} {ergonomic}
    uintx ProfiledCodeHeapSize                     = 122880000                              {pd product} {ergonomic}
    uintx ReservedCodeCacheSize                    = 251658240                              {pd product} {ergonomic}
     bool SegmentedCodeCache                       = true                                      {product} {ergonomic}
   size_t SoftMaxHeapSize                          = 4213178368                             {manageable} {ergonomic}
     bool UseCompressedOops                        = true                           {product lp64_product} {ergonomic}
     bool UseG1GC                                  = true                                      {product} {ergonomic}
     bool UseLargePagesIndividualAllocation        = false                                  {pd product} {ergonomic}

Logging:
Log output configuration:
 #0: stdout all=warning uptime,level,tags foldmultilines=false
 #1: stderr all=off uptime,level,tags foldmultilines=false

Environment Variables:
JAVA_HOME=C:\Program Files\Java\jdk-22
PATH=C:\Program Files\Common Files\Oracle\Java\javapath;C:\WINDOWS\system32;C:\WINDOWS;C:\WINDOWS\System32\Wbem;C:\WINDOWS\System32\WindowsPowerShell\v1.0\;C:\WINDOWS\System32\OpenSSH\;C:\Program Files\nodejs\;C:\Program Files\Git\cmd;C:\ProgramData\chocolatey\bin;C:\Program Files\Java\jdk-22\bin;C:\Program Files\Docker\Docker\resources\bin;C:\Program Files\dotnet\;C:\Program Files\Microsoft Visual Studio\2022\Community\VC\Tools\MSVC\14.44.35207\bin\Hostx64\x64;C:\Users\HP\.console-ninja\.bin;C:\Users\HP\.pyenv\pyenv-win\bin;C:\Users\HP\.pyenv\pyenv-win\shims;C:\Users\HP\AppData\Local\Programs\Python\Python312\Scripts\;C:\Users\HP\AppData\Local\Programs\Python\Python312\;C:\Users\HP\AppData\Local\Programs\Python\Launcher\;C:\Users\HP\AppData\Local\Microsoft\WindowsApps;C:\Users\HP\AppData\Local\Programs\Microsoft VS Code\bin;C:\Program Files\Java\jdk-22\bin;C:\Users\HP\AppData\Roaming\npm;C:\src\flutter\bin;C:\Users\HP\AppData\Local\Pub\Cache\bin;C:\Program Files\JetBrains\DataGrip 2024.3.3\bin;C:\Program Files\PostgreSQL\17\bin\;C:\Program Files\JetBrains\IntelliJ IDEA 2025.1.2\bin;;C:\Users\HP\.dotnet\tools;C:\Users\HP\AppData\Local\Microsoft\WindowsApps;C:\Users\HP\AppData\Local\Google\Cloud SDK\google-cloud-sdk\bin
USERNAME=HP
OS=Windows_NT
PROCESSOR_IDENTIFIER=Intel64 Family 6 Model 140 Stepping 1, GenuineIntel
TMP=C:\Users\HP\AppData\Local\Temp
TEMP=C:\Users\HP\AppData\Local\Temp




Periodic native trim disabled

---------------  S Y S T E M  ---------------

OS:
 Windows 11 , 64 bit Build 26100 (10.0.26100.4484)
OS uptime: 4 days 1:08 hours
Hyper-V role detected

CPU: total 8 (initial active 8) (4 cores per cpu, 2 threads per core) family 6 model 140 stepping 1 microcode 0xba, cx8, cmov, fxsr, ht, mmx, 3dnowpref, sse, sse2, sse3, ssse3, sse4.1, sse4.2, popcnt, lzcnt, tsc, tscinvbit, avx, avx2, aes, erms, clmul, bmi1, bmi2, adx, avx512f, avx512dq, avx512cd, avx512bw, avx512vl, sha, fma, vzeroupper, avx512_vpopcntdq, avx512_vpclmulqdq, avx512_vaes, avx512_vnni, clflush, clflushopt, clwb, avx512_vbmi2, avx512_vbmi, hv, rdtscp, rdpid, fsrm, gfni, avx512_bitalg, f16c, cet_ibt, cet_ss, avx512_ifma
Processor Information for the first 8 processors :
  Max Mhz: 2803, Current Mhz: 2803, Mhz Limit: 2803

Memory: 4k page, system-wide physical 16064M (1187M free)
TotalPageFile size 18594M (AvailPageFile size 4M)
current process WorkingSet (physical memory assigned to process): 110M, peak: 110M
current process commit charge ("private bytes"): 370M, peak: 370M

vm_info: OpenJDK 64-Bit Server VM (24.0.1+9-30) for windows-amd64 JRE (24.0.1+9-30), built on 2025-03-05T07:23:45Z with MS VC++ 17.6 (VS2022)

END.
